
 *------------------------------------------------------------------------------------* 
 |                                                                                    | 
 |  *------------------------------------------------------------------------------*  | 
 |  |                                                                              |  | 
 |  |                                                                              |  | 
 |  |   PPP   Y   Y  TTTTT  H   H  III    A      Welcome to the Lund Monte Carlo!  |  | 
 |  |   P  P   Y Y     T    H   H   I    A A     This is PYTHIA version 8.244      |  | 
 |  |   PPP     Y      T    HHHHH   I   AAAAA    Last date of change: 20 Dec 2019  |  | 
 |  |   P       Y      T    H   H   I   A   A                                      |  | 
 |  |   P       Y      T    H   H  III  A   A    Now is 02 May 2022 at 15:57:12    |  | 
 |  |                                                                              |  | 
 |  |   Christian Bierlich;  Department of Astronomy and Theoretical Physics,      |  | 
 |  |      Lund University, Solvegatan 14A, SE-223 62 Lund, Sweden;                |  | 
 |  |      e-mail: christian.bierlich@thep.lu.se                                   |  | 
 |  |   Nishita Desai;  Department of Theoretical Physics, Tata Institute,         |  | 
 |  |      Homi Bhabha Road, Mumbai 400005, India;                                 |  | 
 |  |      e-mail: desai@theory.tifr.res.in                                        |  | 
 |  |   Ilkka Helenius;  Department of Physics, University of Jyvaskyla,           |  | 
 |  |      P.O. Box 35, FI-40014 University of Jyvaskyla, Finland;                 |  | 
 |  |      e-mail: ilkka.m.helenius@jyu.fi                                         |  | 
 |  |   Philip Ilten;  School of Physics and Astronomy,                            |  | 
 |  |      University of Birmingham, Birmingham, B152 2TT, UK;                     |  | 
 |  |      e-mail: philten@cern.ch                                                 |  | 
 |  |   Leif Lonnblad;  Department of Astronomy and Theoretical Physics,           |  | 
 |  |      Lund University, Solvegatan 14A, SE-223 62 Lund, Sweden;                |  | 
 |  |      e-mail: leif.lonnblad@thep.lu.se                                        |  | 
 |  |   Stephen Mrenna;  Computing Division, Simulations Group,                    |  | 
 |  |      Fermi National Accelerator Laboratory, MS 234, Batavia, IL 60510, USA;  |  | 
 |  |      e-mail: mrenna@fnal.gov                                                 |  | 
 |  |   Stefan Prestel;  Department of Astronomy and Theoretical Physics,          |  | 
 |  |      Lund University, Solvegatan 14A, SE-223 62 Lund, Sweden;                |  | 
 |  |      e-mail: stefan.prestel@thep.lu.se                                       |  | 
 |  |   Christine O. Rasmussen;  Department of Astronomy and Theoretical Physics,  |  | 
 |  |      Lund University, Solvegatan 14A, SE-223 62 Lund, Sweden;                |  | 
 |  |      e-mail: christine.rasmussen@thep.lu.se                                  |  | 
 |  |   Torbjorn Sjostrand;  Department of Astronomy and Theoretical Physics,      |  | 
 |  |      Lund University, Solvegatan 14A, SE-223 62 Lund, Sweden;                |  | 
 |  |      e-mail: torbjorn@thep.lu.se                                             |  | 
 |  |   Peter Skands;  School of Physics,                                          |  | 
 |  |      Monash University, PO Box 27, 3800 Melbourne, Australia;                |  | 
 |  |      e-mail: peter.skands@monash.edu                                         |  | 
 |  |                                                                              |  | 
 |  |   The main program reference is 'An Introduction to PYTHIA 8.2',             |  | 
 |  |   T. Sjostrand et al, Comput. Phys. Commun. 191 (2015) 159                   |  | 
 |  |   [arXiv:1410.3012 [hep-ph]]                                                 |  | 
 |  |                                                                              |  | 
 |  |   The main physics reference is the 'PYTHIA 6.4 Physics and Manual',         |  | 
 |  |   T. Sjostrand, S. Mrenna and P. Skands, JHEP05 (2006) 026 [hep-ph/0603175]  |  | 
 |  |                                                                              |  | 
 |  |   An archive of program versions and documentation is found on the web:      |  | 
 |  |   http://www.thep.lu.se/Pythia                                               |  | 
 |  |                                                                              |  | 
 |  |   This program is released under the GNU General Public Licence version 2.   |  | 
 |  |   Please respect the MCnet Guidelines for Event Generator Authors and Users. |  | 
 |  |                                                                              |  | 
 |  |   Disclaimer: this program comes without any guarantees.                     |  | 
 |  |   Beware of errors and use common sense when interpreting results.           |  | 
 |  |                                                                              |  | 
 |  |   Copyright (C) 2019 Torbjorn Sjostrand                                      |  | 
 |  |                                                                              |  | 
 |  |                                                                              |  | 
 |  *------------------------------------------------------------------------------*  | 
 |                                                                                    | 
 *------------------------------------------------------------------------------------* 


 *-------  PYTHIA Process Initialization  --------------------------*
 |                                                                  |
 | We collide p+ with p+ at a CM energy of 1.400e+04 GeV            |
 |                                                                  |
 |------------------------------------------------------------------|
 |                                                    |             |
 | Subprocess                                    Code |   Estimated |
 |                                                    |    max (mb) |
 |                                                    |             |
 |------------------------------------------------------------------|
 |                                                    |             |
 | g g -> g g                                     111 |   1.720e-04 |
 | g g -> q qbar (uds)                            112 |   2.971e-06 |
 | q g -> q g                                     113 |   3.255e-04 |
 | q q(bar)' -> q q(bar)'                         114 |   5.571e-05 |
 | q qbar -> g g                                  115 |   4.574e-07 |
 | q qbar -> q' qbar' (uds)                       116 |   2.590e-07 |
 | g g -> c cbar                                  121 |   9.901e-07 |
 | q qbar -> c cbar                               122 |   8.633e-08 |
 | g g -> b bbar                                  123 |   9.888e-07 |
 | q qbar -> b bbar                               124 |   8.628e-08 |
 |                                                                  |
 *-------  End PYTHIA Process Initialization -----------------------*

 *-------  PYTHIA Multiparton Interactions Initialization  ---------* 
 |                                                                  | 
 |                   sigmaNonDiffractive =    57.17 mb              | 
 |                                                                  | 
 |    pT0 =  2.65 gives sigmaInteraction =   327.39 mb: accepted    | 
 |                                                                  | 
 *-------  End PYTHIA Multiparton Interactions Initialization  -----* 

 *-------  PYTHIA Flag + Mode + Parm + Word + FVec + MVec + PVec + WVec Settings (changes only)  ------------------* 
 |                                                                                                                 | 
 | Name                                          |                      Now |      Default         Min         Max | 
 |                                               |                          |                                      | 
 | HardQCD:all                                   |                       on |          off                         | 
 | Next:numberShowEvent                          |                        0 |            1           0             | 
 | Next:numberShowInfo                           |                        0 |            1           0             | 
 | Next:numberShowProcess                        |                        0 |            1           0             | 
 | PhaseSpace:pTHatMin                           |                200.00000 |          0.0         0.0             | 
 |                                                                                                                 | 
 *-------  End PYTHIA Flag + Mode + Parm + Word + FVec + MVec + PVec + WVec Settings  -----------------------------* 

 --------  PYTHIA Particle Data Table (changed only)  ------------------------------------------------------------------------------
 
      id   name            antiName         spn chg col      m0        mWidth      mMin       mMax       tau0    res dec ext vis wid
             no onMode   bRatio   meMode     products 

 no particle data has been changed from its default value 

 --------  End PYTHIA Particle Data Table  -----------------------------------------------------------------------------------------

#--------------------------------------------------------------------------
#                     FastJet release 3.2.1 [fjcore]
#                 M. Cacciari, G.P. Salam and G. Soyez                  
#     A software package for jet finding and analysis at colliders      
#                           http://fastjet.fr                           
#	                                                                      
# Please cite EPJC72(2012)1896 [arXiv:1111.6097] if you use this package
# for scientific work and optionally PLB641(2006)57 [hep-ph/0512210].   
#                                                                       
# FastJet is provided without warranty under the terms of the GNU GPLv2.
# It uses T. Chan's closest pair algorithm, S. Fortune's Voronoi code
# and 3rd party plugin jet algorithms. See COPYING file for details.
#--------------------------------------------------------------------------

 --  PYTHIA SlowJet(fjcore) Listing, p = -1, R = 0.700, pTjetMin =  10.000, etaMax =  4.000  -- 
 
   no      pTjet      y       phi   mult      p_x        p_y        p_z         e          m 
    0    226.647    0.460    1.060    74    110.760    197.740    110.239    256.465     47.467
    1    214.784    0.147   -2.037    32    -96.565   -191.852     32.010    218.595     25.040
    2     21.829    3.517   -2.232    26    -13.400    -17.232    388.038    388.722      7.418
    3     17.807    3.055    2.414    19    -13.296     11.845    206.341    207.259      7.919
    4     15.806    0.775   -0.760    18     11.458    -10.888     14.376     22.133      5.775

 --------  End PYTHIA SlowJet Listing  --------------------------------------------------------

 --------  PYTHIA CellJet Listing, eTjetMin =   10.000, coneRadius = 0.700  ------------------------------ 
 
  no     eTjet  etaCtr  phiCtr   etaWt   phiWt mult      p_x        p_y        p_z         e          m 
   0   227.800   0.350   1.031   0.451   1.061   74    110.431    197.585    107.765    254.781     45.445
   1   215.351   0.150  -2.013   0.155  -2.016   32    -92.575   -193.809     33.651    218.718     23.939
   2    21.735   3.650  -2.209   3.546  -2.229   22    -12.952    -16.781    382.511    383.148      6.216
   3    17.877   3.050   2.307   3.081   2.295   17    -11.479     12.965    202.009    202.863      6.769
   4    15.487   0.850  -0.638   0.792  -0.750   17     11.183    -10.430     14.061     21.301      4.709

 --------  End PYTHIA CellJet Listing  -------------------------------------------------------------------

 --  PYTHIA SlowJet(fjcore) Listing, p = -1, R = 0.700, pTjetMin =  10.000, etaMax =  4.000  -- 
 
   no      pTjet      y       phi   mult      p_x        p_y        p_z         e          m 
    0    279.160   -1.399   -1.463    38     29.969   -277.547   -535.727    605.279     37.801
    1    235.616    1.434    1.356    46     50.311    230.182    471.196    527.967     34.766
    2     96.969   -3.212    2.802    44    -91.446     32.258  -1221.217   1225.186     17.485

 --------  End PYTHIA SlowJet Listing  --------------------------------------------------------

 --------  PYTHIA CellJet Listing, eTjetMin =   10.000, coneRadius = 0.700  ------------------------------ 
 
  no     eTjet  etaCtr  phiCtr   etaWt   phiWt mult      p_x        p_y        p_z         e          m 
   0   280.950  -1.350  -1.522  -1.388  -1.463   38     29.984   -277.470   -529.553    599.906     39.645
   1   236.500   1.450   1.325   1.424   1.353   45     50.881    229.804    465.545    522.821     34.802
   2    97.347  -3.250   2.798  -3.217   2.785   42    -90.633     33.732  -1220.059   1223.984     15.579
   3    12.775  -3.250   1.620  -3.150   1.657   19     -1.089     12.482   -162.845    163.444      6.189

 --------  End PYTHIA CellJet Listing  -------------------------------------------------------------------

 --  PYTHIA SlowJet(fjcore) Listing, p = -1, R = 0.700, pTjetMin =  10.000, etaMax =  4.000  -- 
 
   no      pTjet      y       phi   mult      p_x        p_y        p_z         e          m 
    0    486.510   -0.925   -1.986    22   -196.297   -445.151   -517.990    711.124     26.297
    1    315.425    0.019    1.160    79    126.017    289.159      6.171    329.960     96.656
    2    172.511    3.444    1.035    32     88.008    148.374   2715.770   2721.315     19.681
    3     24.488    0.264   -2.584    23    -20.774    -12.965      6.970     26.981      8.929
    4     22.063   -2.075    0.147    33     21.824      3.241    -94.082     97.097      9.467
    5     19.608    0.497    2.832    25    -18.678      5.968     11.065     24.081      8.543
    6     17.789    0.690    1.882    20     -5.448     16.934     13.983     23.378      5.880
    7     14.932    1.180   -1.049    14      7.448    -12.942     22.977     27.771      4.510
    8     11.792   -1.066    1.357    18      2.505     11.522    -16.234     20.602      4.675
    9     11.431   -0.681    0.141    15     11.318      1.603     -9.142     15.437      4.905

 --------  End PYTHIA SlowJet Listing  --------------------------------------------------------

 --------  PYTHIA CellJet Listing, eTjetMin =   10.000, coneRadius = 0.700  ------------------------------ 
 
  no     eTjet  etaCtr  phiCtr   etaWt   phiWt mult      p_x        p_y        p_z         e          m 
   0   486.753  -0.950  -2.013  -0.949  -2.014   22   -208.818   -439.479   -534.594    723.293     24.811
   1   314.659   0.250   1.031   0.043   1.140   67    128.464    279.295     14.003    321.932     94.525
   2   173.021   3.450   1.031   3.449   1.029   33     89.026    147.963   2727.239   2732.754     17.227
   3    22.914  -2.150   0.147  -2.125   0.090   30     21.865      1.988    -96.842     99.644      8.285
   4    22.483   0.250  -2.307   0.268  -2.488   21    -17.490    -13.386      6.235     23.786      6.468
   5    20.991   0.550   2.798   0.569   2.842   29    -19.597      6.058     13.133     25.500      7.551
   6    18.133  -0.850   1.031  -0.839   1.149   28      6.835     15.548    -17.853     26.046      8.439
   7    17.023   0.550   1.718   0.671   1.821   17     -4.110     16.221     12.521     21.369      4.453
   8    14.958   1.150  -1.031   1.174  -1.037   13      7.568    -12.811     22.553     27.297      3.890

 --------  End PYTHIA CellJet Listing  -------------------------------------------------------------------

 --  PYTHIA SlowJet(fjcore) Listing, p = -1, R = 0.700, pTjetMin =  10.000, etaMax =  4.000  -- 
 
   no      pTjet      y       phi   mult      p_x        p_y        p_z         e          m 
    0    272.601    0.964    0.893    59    170.971    212.321    309.013    414.174     41.706
    1    184.513    0.795    3.031    56   -183.381     20.403    167.645    253.465     45.767
    2    170.917   -0.139   -1.567    65      0.589   -170.916    -25.148    181.475     55.570
    3     53.061   -0.423   -0.569    26     44.693    -28.600    -23.842     59.628     13.102
    4     30.698   -0.180   -2.332    25    -21.182    -22.219     -5.881     33.011     10.621
    5     14.353   -2.492   -1.064    20      6.972    -12.546    -94.026     95.323      6.292
    6     13.033   -1.422   -1.638    20     -0.877    -13.004    -27.471     30.866      5.308
    7     11.524   -0.124    1.165    16      4.547     10.588     -1.519     12.340      4.144

 --------  End PYTHIA SlowJet Listing  --------------------------------------------------------

 --------  PYTHIA CellJet Listing, eTjetMin =   10.000, coneRadius = 0.700  ------------------------------ 
 
  no     eTjet  etaCtr  phiCtr   etaWt   phiWt mult      p_x        p_y        p_z         e          m 
   0   273.095   0.950   0.834   0.980   0.884   58    172.490    210.149    314.140    417.169     37.828
   1   183.347   0.950   2.994   0.819   3.029   50   -179.902     20.606    170.055    252.186     43.471
   2   169.053  -0.150  -1.424  -0.141  -1.536   57      5.991   -164.605    -24.199    172.982     46.973
   3    51.119  -0.450  -0.540  -0.460  -0.528   25     43.968    -25.671    -24.830     57.565     10.246
   4    37.332  -0.350  -2.307  -0.222  -2.294   31    -24.522    -27.814     -8.606     39.443     10.332
   5    13.970  -1.450  -1.522  -1.473  -1.545   19      0.327    -13.578    -30.082     33.433      5.329
   6    13.409  -2.550  -0.933  -2.542  -1.052   18      6.438    -11.249    -87.518     88.607      4.886
   7    13.019  -0.050   1.227  -0.091   1.178   18      4.778     11.518     -1.195     13.341      4.590
   8    12.033   0.350  -2.209   0.599  -2.373   14     -8.362     -8.036      7.808     14.554      4.041

 --------  End PYTHIA CellJet Listing  -------------------------------------------------------------------

 --  PYTHIA SlowJet(fjcore) Listing, p = -1, R = 0.700, pTjetMin =  10.000, etaMax =  4.000  -- 
 
   no      pTjet      y       phi   mult      p_x        p_y        p_z         e          m 
    0    227.184    2.222    2.287    40   -149.146    171.371   1048.090   1072.988     34.602
    1    196.485    2.669   -0.805    27    136.166   -141.652   1419.211   1432.915     21.903
    2     42.264   -0.570   -1.065    18     20.489    -36.965    -25.769     50.006      7.100
    3     26.468    3.117    2.863    37    -25.448      7.276    319.874    321.133     10.297
    4     14.377   -2.278   -1.371    22      2.850    -14.092    -74.936     76.526      5.852

 --------  End PYTHIA SlowJet Listing  --------------------------------------------------------

 --------  PYTHIA CellJet Listing, eTjetMin =   10.000, coneRadius = 0.700  ------------------------------ 
 
  no     eTjet  etaCtr  phiCtr   etaWt   phiWt mult      p_x        p_y        p_z         e          m 
   0   227.516   2.250   2.307   2.245   2.300   43   -150.812    168.778   1067.053   1091.253     31.616
   1   196.485   2.650  -0.834   2.659  -0.831   28    132.106   -144.847   1401.518   1415.314     20.646
   2    42.438  -0.550  -1.031  -0.559  -1.066   18     20.442    -36.965    -25.263     49.730      7.108
   3    25.805   2.850   2.896   2.989   2.926   32    -24.744      5.418    262.884    264.223      8.016
   4    15.861  -2.250  -1.424  -2.261  -1.450   23      1.844    -14.931    -76.975     78.668      6.100
   5    11.229   1.750   0.049   1.782   0.089   10     10.948      0.969     34.648     36.674      4.866

 --------  End PYTHIA CellJet Listing  -------------------------------------------------------------------
 PYTHIA Warning in MultipartonInteractions::pTnext: weight above unity  
 PYTHIA Warning in StringFragmentation::fragmentToJunction: bad convergence junction rest frame  

 *-------  PYTHIA Event and Cross Section Statistics  -------------------------------------------------------------*
 |                                                                                                                 |
 | Subprocess                                    Code |            Number of events       |      sigma +- delta    |
 |                                                    |       Tried   Selected   Accepted |     (estimated) (mb)   |
 |                                                    |                                   |                        |
 |-----------------------------------------------------------------------------------------------------------------|
 |                                                    |                                   |                        |
 | g g -> g g                                     111 |        1235        180        180 |   2.851e-05  9.598e-07 |
 | g g -> q qbar (uds)                            112 |          19          7          7 |   1.111e-06  1.792e-07 |
 | q g -> q g                                     113 |        2439        256        256 |   3.470e-05  1.142e-06 |
 | q q(bar)' -> q q(bar)'                         114 |         419         53         53 |   6.809e-06  4.995e-07 |
 | q qbar -> g g                                  115 |           2          1          1 |   5.974e-08  5.974e-08 |
 | q qbar -> q' qbar' (uds)                       116 |           3          1          1 |   1.102e-07  1.102e-07 |
 | g g -> c cbar                                  121 |           4          1          1 |   1.744e-07  1.744e-07 |
 | q qbar -> c cbar                               122 |           0          0          0 |   0.000e+00  0.000e+00 |
 | g g -> b bbar                                  123 |           2          1          1 |   1.914e-07  1.914e-07 |
 | q qbar -> b bbar                               124 |           1          0          0 |   0.000e+00  0.000e+00 |
 |                                                    |                                   |                        |
 | sum                                                |        4124        500        500 |   7.167e-05  1.609e-06 |
 |                                                                                                                 |
 *-------  End PYTHIA Event and Cross Section Statistics ----------------------------------------------------------*

 *-------  PYTHIA Error and Warning Messages Statistics  ----------------------------------------------------------* 
 |                                                                                                                 | 
 |  times   message                                                                                                | 
 |                                                                                                                 | 
 |      1   Warning in MultipartonInteractions::pTnext: weight above unity                                         | 
 |      2   Warning in StringFragmentation::fragmentToJunction: bad convergence junction rest frame                | 
 |                                                                                                                 | 
 *-------  End PYTHIA Error and Warning Messages Statistics  ------------------------------------------------------* 


  2022-05-02 15:57       number of jets, SlowJet

        8.10*10^ 1       X                                            
        7.80*10^ 1       X                                            
        7.50*10^ 1       X                                            
        7.20*10^ 1      3XX                                           
        6.90*10^ 1      XXX                                           
        6.60*10^ 1      XXXX                                          
        6.30*10^ 1      XXXX                                          
        6.00*10^ 1      XXXX                                          
        5.70*10^ 1      XXXX                                          
        5.40*10^ 1      XXXXX                                         
        5.10*10^ 1      XXXXX                                         
        4.80*10^ 1      XXXXX                                         
        4.50*10^ 1      XXXXX                                         
        4.20*10^ 1      XXXXX                                         
        3.90*10^ 1      XXXXX                                         
        3.60*10^ 1     7XXXXXX                                        
        3.30*10^ 1     XXXXXXX                                        
        3.00*10^ 1     XXXXXXX                                        
        2.70*10^ 1     XXXXXXX7                                       
        2.40*10^ 1     XXXXXXXX                                       
        2.10*10^ 1     XXXXXXXX7                                      
        1.80*10^ 1     XXXXXXXXX                                      
        1.50*10^ 1     XXXXXXXXXX                                     
        1.20*10^ 1     XXXXXXXXXX                                     
        0.90*10^ 1     XXXXXXXXXX3                                    
        0.60*10^ 1    XXXXXXXXXXXX7                                   
        0.30*10^ 1    XXXXXXXXXXXXXXX3                                

          Contents                                                    
            *10^ 1  00037876532210000000000000000000000000000000000000
            *10^ 0  00650126466057533100000000000000000000000000000000
            *10^-1  00000000000000000000000000000000000000000000000000
            *10^-2  00000000000000000000000000000000000000000000000000

          Low edge  -                                                 
            *10^ 1  00000000000111111111122222222223333333333444444444
            *10^ 0  00123456789012345678901234567890123456789012345678
            *10^-1  55555555555555555555555555555555555555555555555555

   Entries  =         500    Mean =  6.7660e+00    Underflow =  0.0000e+00    Low edge  = -5.0000e-01
   All chan =  5.0000e+02    Rms  =  2.7812e+00    Overflow  =  0.0000e+00    High edge =  4.9500e+01


  2022-05-02 15:57       number of jets, CellJet

        7.50*10^ 1       2 6                                          
        7.25*10^ 1       X X                                          
        7.00*10^ 1       X X                                          
        6.75*10^ 1       X4X                                          
        6.50*10^ 1      6XXX                                          
        6.25*10^ 1      XXXX                                          
        6.00*10^ 1      XXXX                                          
        5.75*10^ 1      XXXX                                          
        5.50*10^ 1      XXXX                                          
        5.25*10^ 1      XXXX4                                         
        5.00*10^ 1      XXXXX                                         
        4.75*10^ 1      XXXXX                                         
        4.50*10^ 1      XXXXX                                         
        4.25*10^ 1      XXXXX                                         
        4.00*10^ 1      XXXXX2                                        
        3.75*10^ 1      XXXXXX                                        
        3.50*10^ 1      XXXXXX                                        
        3.25*10^ 1     8XXXXXX                                        
        3.00*10^ 1     XXXXXXXX                                       
        2.75*10^ 1     XXXXXXXX8                                      
        2.50*10^ 1     XXXXXXXXX                                      
        2.25*10^ 1     XXXXXXXXX                                      
        2.00*10^ 1     XXXXXXXXX                                      
        1.75*10^ 1     XXXXXXXXX4                                     
        1.50*10^ 1     XXXXXXXXXX                                     
        1.25*10^ 1     XXXXXXXXXX                                     
        1.00*10^ 1     XXXXXXXXXX                                     
        0.75*10^ 1     XXXXXXXXXX8 4                                  
        0.50*10^ 1    6XXXXXXXXXXX6XX                                 
        0.25*10^ 1    XXXXXXXXXXXXXXX44 4                             

          Contents                                                    
            *10^ 1  00036767533210000000000000000000000000000000000000
            *10^ 0  00424364180767465110100000000000000000000000000000
            *10^-1  00000000000000000000000000000000000000000000000000
            *10^-2  00000000000000000000000000000000000000000000000000

          Low edge  -                                                 
            *10^ 1  00000000000111111111122222222223333333333444444444
            *10^ 0  00123456789012345678901234567890123456789012345678
            *10^-1  55555555555555555555555555555555555555555555555555

   Entries  =         500    Mean =  7.1000e+00    Underflow =  0.0000e+00    Low edge  = -5.0000e-01
   All chan =  5.0000e+02    Rms  =  2.9910e+00    Overflow  =  0.0000e+00    High edge =  4.9500e+01


  2022-05-02 15:57       number of jets, CellJet - SlowJet

        2.70*10^ 2                        5                      
        2.60*10^ 2                        X                      
        2.50*10^ 2                        X                      
        2.40*10^ 2                        X                      
        2.30*10^ 2                        X                      
        2.20*10^ 2                        X                      
        2.10*10^ 2                        X                      
        2.00*10^ 2                        X                      
        1.90*10^ 2                        X                      
        1.80*10^ 2                        X                      
        1.70*10^ 2                        X                      
        1.60*10^ 2                        X                      
        1.50*10^ 2                        X                      
        1.40*10^ 2                        X                      
        1.30*10^ 2                        X                      
        1.20*10^ 2                        XX                     
        1.10*10^ 2                        XX                     
        1.00*10^ 2                        XX                     
        0.90*10^ 2                        XX                     
        0.80*10^ 2                        XX                     
        0.70*10^ 2                        XX                     
        0.60*10^ 2                       6XX                     
        0.50*10^ 2                       XXX                     
        0.40*10^ 2                       XXX7                    
        0.30*10^ 2                       XXXX                    
        0.20*10^ 2                       XXXX1                   
        0.10*10^ 2                    1 7XXXXX12                 

          Contents                                               
            *10^ 2  000000000000000000000021000000000000000000000
            *10^ 1  000000000000000000000562310000000000000000000
            *10^ 0  000000000000000000107650711200000000000000000
            *10^-1  000000000000000000000000000000000000000000000

          Low edge  -----------------------                      
            *10^ 1  222111111111100000000000000000000111111111122
            *10^ 0  210987654321098765432100123456789012345678901
            *10^-1  555555555555555555555555555555555555555555555

   Entries  =         500    Mean =  3.3400e-01    Underflow =  0.0000e+00    Low edge  = -2.2500e+01
   All chan =  5.0000e+02    Rms  =  9.7696e-01    Overflow  =  0.0000e+00    High edge =  2.2500e+01


  2022-05-02 15:57       pT for jets, SlowJet

        0.92*10^ 3    6                                                                                                 
        0.88*10^ 3    X                                                                                                 
        0.84*10^ 3    X                                                                                                 
        0.80*10^ 3    X                                                                                                 
        0.76*10^ 3    X                                                                                                 
        0.72*10^ 3    X                                                                                                 
        0.68*10^ 3    X                                                                                                 
        0.64*10^ 3    X                                                                                                 
        0.60*10^ 3    X                                                                                                 
        0.56*10^ 3    X                                                                                                 
        0.52*10^ 3    X                                                                                                 
        0.48*10^ 3    X                                                                                                 
        0.44*10^ 3    X                                                                                                 
        0.40*10^ 3    X9                                                                                                
        0.36*10^ 3    XX                                                                                                
        0.32*10^ 3    XX                                                                                                
        0.28*10^ 3    XX                                                                                                
        0.24*10^ 3    XX4                                                                                               
        0.20*10^ 3    XXX                                                                                               
        0.16*10^ 3    XXX7                                                                                              
        0.12*10^ 3    XXXX1                                                                                             
        0.08*10^ 3    XXXXX6725                              6 3 2                                                      
        0.04*10^ 3    XXXXXXXXXX9X878675534353433345445567798XXXXX9888647656535323423121221112111 111111 1     1 1 1    

          Contents                                                                                                      
            *10^ 2  0093210000000000000000000000000000000000000000000000000000000000000000000000000000000000000000000000
            *10^ 1  0009148674533332322111112111111211122223364544333321221221110110100000000000000000000000000000000000
            *10^ 0  0036783507997818126980610063025157814986220319411157938503838059058577623824202552321201001303030101
            *10^-1  0000000000000000000000000000000000000000000000000000000000000000000000000000000000000000000000000000

          Low edge                                                                                                      
            *10^ 2  0000000000000000000011111111111111111111222222222222222222223333333333333333333344444444444444444444
            *10^ 1  0011223344556677889900112233445566778899001122334455667788990011223344556677889900112233445566778899
            *10^ 0  0505050505050505050505050505050505050505050505050505050505050505050505050505050505050505050505050505

   Entries  =        3383    Mean =  9.3372e+01    Underflow =  0.0000e+00    Low edge  =  0.0000e+00
   All chan =  3.3700e+03    Rms  =  1.0416e+02    Overflow  =  1.3000e+01    High edge =  5.0000e+02


  2022-05-02 15:57       eT for jets, CellJet

        1.04*10^ 3    9                                                                                                 
        1.00*10^ 3    X                                                                                                 
        0.96*10^ 3    X                                                                                                 
        0.92*10^ 3    X                                                                                                 
        0.88*10^ 3    X                                                                                                 
        0.84*10^ 3    X                                                                                                 
        0.80*10^ 3    X                                                                                                 
        0.76*10^ 3    X                                                                                                 
        0.72*10^ 3    X                                                                                                 
        0.68*10^ 3    X                                                                                                 
        0.64*10^ 3    X                                                                                                 
        0.60*10^ 3    X                                                                                                 
        0.56*10^ 3    X                                                                                                 
        0.52*10^ 3    X                                                                                                 
        0.48*10^ 3    X                                                                                                 
        0.44*10^ 3    X                                                                                                 
        0.40*10^ 3    X9                                                                                                
        0.36*10^ 3    XX                                                                                                
        0.32*10^ 3    XX                                                                                                
        0.28*10^ 3    XX                                                                                                
        0.24*10^ 3    XX5                                                                                               
        0.20*10^ 3    XXX                                                                                               
        0.16*10^ 3    XXXX                                                                                              
        0.12*10^ 3    XXXX4                                                                                             
        0.08*10^ 3    XXXXX9742                              132 2                                                      
        0.04*10^ 3    XXXXXXXXXXX989658563334333336445465X899XXXXX98986466546353325123121211111111111 11 1     1   1    

          Contents                                                                                                      
            *10^ 3  0010000000000000000000000000000000000000000000000000000000000000000000000000000000000000000000000000
            *10^ 2  0003210000000000000000000000000000000000000000000000000000000000000000000000000000000000000000000000
            *10^ 1  0039259765444333213121111111112112122333345434333321222121111020010000000000000000000000000000000000
            *10^ 0  0056087477711716380823206314002660621807652896626127451723841805702967642643224441321201001211140101

          Low edge                                                                                                      
            *10^ 2  0000000000000000000011111111111111111111222222222222222222223333333333333333333344444444444444444444
            *10^ 1  0011223344556677889900112233445566778899001122334455667788990011223344556677889900112233445566778899
            *10^ 0  0505050505050505050505050505050505050505050505050505050505050505050505050505050505050505050505050505

   Entries  =        3550    Mean =  8.9671e+01    Underflow =  0.0000e+00    Low edge  =  0.0000e+00
   All chan =  3.5370e+03    Rms  =  1.0296e+02    Overflow  =  1.3000e+01    High edge =  5.0000e+02


  2022-05-02 15:57       y for jets, SlowJet

        8.10*10^ 1                                                   7                                                  
        7.80*10^ 1                                                3  X                                                  
        7.50*10^ 1                                                X  X       7                                          
        7.20*10^ 1                                             7  X  X    7  X                                          
        6.90*10^ 1                                             X  X  X  73X  X                                          
        6.60*10^ 1                                       3  X 3XX7X  X  XXX  X                                          
        6.30*10^ 1                                       X  X XXXXX7 XX XXX  X   73 7                                   
        6.00*10^ 1                                  3 X  X3 X XXXXXX3XX XXXX X XXXXXX                                   
        5.70*10^ 1                                  X X  XX X XXXXXXXXXXXXXX X7XXXXXX                                   
        5.40*10^ 1                              7   X X 7XX X XXXXXXXXXXXXXX XXXXXXXX  X                                
        5.10*10^ 1                              X   X X XXXXX7XXXXXXXXXXXXXX3XXXXXXXX  X                                
        4.80*10^ 1                              X 7 X X XXXXXXXXXXXXXXXXXXXXXXXXXXXXX7 X      7                         
        4.50*10^ 1                              X7XXX X7XXXXXXXXXXXXXXXXXXXXXXXXXXXXXX3X      X                         
        4.20*10^ 1                           7  XXXXX7XXXXXXXXXXXXXXXXXXXXXXXXXXXXXXXXXX3  7  X                         
        3.90*10^ 1                           X3 XXXXXXXXXXXXXXXXXXXXXXXXXXXXXXXXXXXXXXXXX77X  X                         
        3.60*10^ 1                        3X XX XXXXXXXXXXXXXXXXXXXXXXXXXXXXXXXXXXXXXXXXXXXX7 X   7                     
        3.30*10^ 1                   37 3 XX XX XXXXXXXXXXXXXXXXXXXXXXXXXXXXXXXXXXXXXXXXXXXXX X   X                     
        3.00*10^ 1                   XX X XX XXXXXXXXXXXXXXXXXXXXXXXXXXXXXXXXXXXXXXXXXXXXXXXX X7  X33 X 3               
        2.70*10^ 1                 3 XX X XX3XXXXXXXXXXXXXXXXXXXXXXXXXXXXXXXXXXXXXXXXXXXXXXXX3XX 7XXXXX7X               
        2.40*10^ 1                 X XXXX7XXXXXXXXXXXXXXXXXXXXXXXXXXXXXXXXXXXXXXXXXXXXXXXXXXXXXX7XXXXXXXX               
        2.10*10^ 1                XX3XXXXXXXXXXXXXXXXXXXXXXXXXXXXXXXXXXXXXXXXXXXXXXXXXXXXXXXXXXXXXXXXXXXX3              
        1.80*10^ 1                XXXXXXXXXXXXXXXXXXXXXXXXXXXXXXXXXXXXXXXXXXXXXXXXXXXXXXXXXXXXXXXXXXXXXXXX              
        1.50*10^ 1              7 XXXXXXXXXXXXXXXXXXXXXXXXXXXXXXXXXXXXXXXXXXXXXXXXXXXXXXXXXXXXXXXXXXXXXXXX              
        1.20*10^ 1              X7XXXXXXXXXXXXXXXXXXXXXXXXXXXXXXXXXXXXXXXXXXXXXXXXXXXXXXXXXXXXXXXXXXXXXXXXX3            
        0.90*10^ 1              XXXXXXXXXXXXXXXXXXXXXXXXXXXXXXXXXXXXXXXXXXXXXXXXXXXXXXXXXXXXXXXXXXXXXXXXXXXX3           
        0.60*10^ 1             3XXXXXXXXXXXXXXXXXXXXXXXXXXXXXXXXXXXXXXXXXXXXXXXXXXXXXXXXXXXXXXXXXXXXXXXXXXXXX           
        0.30*10^ 1            XXXXXXXXXXXXXXXXXXXXXXXXXXXXXXXXXXXXXXXXXXXXXXXXXXXXXXXXXXXXXXXXXXXXXXXXXXXXXXX           

          Contents                                                                                                      
            *10^ 1  0000000000001122133232332433544454645655656766765865667647566666644543343242223222322111000000000000
            *10^ 0  0000000000344115912413465170347581043481604165628037871094600210273408815579365887068920700000000000
            *10^-1  0000000000000000000000000000000000000000000000000000000000000000000000000000000000000000000000000000
            *10^-2  0000000000000000000000000000000000000000000000000000000000000000000000000000000000000000000000000000

          Low edge  --------------------------------------------------                                                  
            *10^ 0  5444444444433333333332222222222111111111100000000000000000001111111111222222222233333333334444444444
            *10^-1  0987654321098765432109876543210987654321098765432101234567890123456789012345678901234567890123456789
            *10^-2  0000000000000000000000000000000000000000000000000000000000000000000000000000000000000000000000000000

   Entries  =        3383    Mean = -2.0234e-02    Underflow =  0.0000e+00    Low edge  = -5.0000e+00
   All chan =  3.3830e+03    Rms  =  1.8154e+00    Overflow  =  0.0000e+00    High edge =  5.0000e+00


  2022-05-02 15:57       eta for jets, CellJet

        9.00*10^ 1                                                           3                                          
        8.70*10^ 1                                                           X                                          
        8.40*10^ 1                                                7  7       X                                          
        8.10*10^ 1                                                X  X       X                                          
        7.80*10^ 1                                                X  X       X                                          
        7.50*10^ 1                                               7X  X X     X                                          
        7.20*10^ 1                                       3   7   XX  X X     X                                          
        6.90*10^ 1                                       X  XX 7 XX 7X X 7XX X   3                                      
        6.60*10^ 1                                       X  XX X7XX XX X7XXX X   X                                      
        6.30*10^ 1                                  3    X  XX3XXXX3XX XXXXX X  3X37                                    
        6.00*10^ 1                                  X    X 7XXXXXXXXXX7XXXXX XX XXXX  3                                 
        5.70*10^ 1                                  X X 7X7XXXXXXXXXXXXXXXXX XX7XXXX  X                                 
        5.40*10^ 1                                  X X XXXXXXXXXXXXXXXXXXXX XXXXXXXX X7                                
        5.10*10^ 1                              3 3XX X XXXXXXXXXXXXXXXXXXXX XXXXXXXX XX                                
        4.80*10^ 1                              XXXXX7X XXXXXXXXXXXXXXXXXXXXXXXXXXXXXXXX                                
        4.50*10^ 1                              XXXXXXX XXXXXXXXXXXXXXXXXXXXXXXXXXXXXXXX   73 7                         
        4.20*10^ 1                             3XXXXXXX3XXXXXXXXXXXXXXXXXXXXXXXXXXXXXXXX  XXX X                         
        3.90*10^ 1                            7XXXXXXXXXXXXXXXXXXXXXXXXXXXXXXXXXXXXXXXXX73XXX X                         
        3.60*10^ 1                      3 37 7XXXXXXXXXXXXXXXXXXXXXXXXXXXXXXXXXXXXXXXXXXXXXXX X   X 7                   
        3.30*10^ 1                   3  X XX XXXXXXXXXXXXXXXXXXXXXXXXXXXXXXXXXXXXXXXXXXXXXXXX3X 7 X X                   
        3.00*10^ 1                   XX7X XX XXXXXXXXXXXXXXXXXXXXXXXXXXXXXXXXXXXXXXXXXXXXXXXXXX X X X733                
        2.70*10^ 1                   XXXXXXX XXXXXXXXXXXXXXXXXXXXXXXXXXXXXXXXXXXXXXXXXXXXXXXXXX7X XXXXXX                
        2.40*10^ 1                   XXXXXXXXXXXXXXXXXXXXXXXXXXXXXXXXXXXXXXXXXXXXXXXXXXXXXXXXXXXX XXXXXX                
        2.10*10^ 1               7 XXXXXXXXXXXXXXXXXXXXXXXXXXXXXXXXXXXXXXXXXXXXXXXXXXXXXXXXXXXXXX7XXXXXX77              
        1.80*10^ 1              7XXXXXXXXXXXXXXXXXXXXXXXXXXXXXXXXXXXXXXXXXXXXXXXXXXXXXXXXXXXXXXXXXXXXXXXXX              
        1.50*10^ 1              XXXXXXXXXXXXXXXXXXXXXXXXXXXXXXXXXXXXXXXXXXXXXXXXXXXXXXXXXXXXXXXXXXXXXXXXXX7X            
        1.20*10^ 1              XXXXXXXXXXXXXXXXXXXXXXXXXXXXXXXXXXXXXXXXXXXXXXXXXXXXXXXXXXXXXXXXXXXXXXXXXXXX            
        0.90*10^ 1             XXXXXXXXXXXXXXXXXXXXXXXXXXXXXXXXXXXXXXXXXXXXXXXXXXXXXXXXXXXXXXXXXXXXXXXXXXXXXX           
        0.60*10^ 1             XXXXXXXXXXXXXXXXXXXXXXXXXXXXXXXXXXXXXXXXXXXXXXXXXXXXXXXXXXXXXXXXXXXXXXXXXXXXXX           
        0.30*10^ 1            7XXXXXXXXXXXXXXXXXXXXXXXXXXXXXXXXXXXXXXXXXXXXXXXXXXXXXXXXXXXXXXXXXXXXXXXXXXXXXX           

          Contents                                                                                                      
            *10^ 1  0000000000001212233232332334444564545755676667866857666648656666545533444342323232222211000000000000
            *10^ 0  0000000000297081110947454580989117706069911854318395589988061712488387243146206759880045900000000000
            *10^-1  0000000000000000000000000000000000000000000000000000000000000000000000000000000000000000000000000000
            *10^-2  0000000000000000000000000000000000000000000000000000000000000000000000000000000000000000000000000000

          Low edge  --------------------------------------------------                                                  
            *10^ 0  5444444444433333333332222222222111111111100000000000000000001111111111222222222233333333334444444444
            *10^-1  0987654321098765432109876543210987654321098765432101234567890123456789012345678901234567890123456789
            *10^-2  0000000000000000000000000000000000000000000000000000000000000000000000000000000000000000000000000000

   Entries  =        3550    Mean = -2.7070e-02    Underflow =  0.0000e+00    Low edge  = -5.0000e+00
   All chan =  3.5500e+03    Rms  =  1.8170e+00    Overflow  =  0.0000e+00    High edge =  5.0000e+00


  2022-05-02 15:57       phi for jets, SlowJwt

        5.28*10^ 1                                                        3                                             
        5.16*10^ 1                                                        X                                             
        5.04*10^ 1                                                        X                                             
        4.92*10^ 1                                                        X                                             
        4.80*10^ 1              2                                         X                             2 X             
        4.68*10^ 1              X                                         X          3                  X X             
        4.56*10^ 1              X                                         X          X                  X X             
        4.44*10^ 1              X                                         X          X     7            X X             
        4.32*10^ 1              X                                         X          X     X           8X X       8     
        4.20*10^ 1            2 X             X        XX                 X          X 2   X 2         XX X       X     
        4.08*10^ 1         3  X X            3X        XX                 X          X X   X3X     3   XX X   3   X   3 
        3.96*10^ 1         X  X X            XX        XX          5      X          X X   XXX     X   XX X   X5 5X   X 
        3.84*10^ 1         X  X X            XX      7 XX  7       X      X          X X   XXX     X 7 XX X   XX XX   X 
        3.72*10^ 1         X  X X     88     XX     8X8XX  X  8    X      X          X X   XXX     X X XX X   XX XX   X 
        3.60*10^ 1  2X     X2 X X 2   XX     XX     XXXXXX XX XX  2X      X    2  2  X2X   XXX     X2X XX X   XX XX  XX 
        3.48*10^ 1  XX     XX X3X X   XX     XX3    XXXXXX XX XX  XX      X    X  X  XXX3  XXX   3 XXX XX X   XX XX  XX 
        3.36*10^ 1  XX 5   XX XXX5X   XX     XXX    XXXXXX XX XX5 XX      X 5  X  X 5XXXX  XXX   X5XXX XX X   XX XX  XX5
        3.24*10^ 1  XX X   XX XXXXX7  XX     XXX7 7 XXXXXX XX7XXX XX      X X  X  X XXXXX 7XXX   XXXXX XX X7  XX XX  XXX
        3.12*10^ 1  XX8X8  XX XXXXXX  XX     XXXX X XXXXXX XXXXXX XX    8 X X8 X8 X XXXXX XXXX   XXXXX XX8XX8 XX XX8 XXX
        3.00*10^ 1  XXXXX  XX XXXXXXXXXX     XXXXXX XXXXXX XXXXXXXXX   XX XXXX XX X2XXXXX XXXX   XXXXX XXXXXX XX2XXX XXX
        2.88*10^ 1  XXXXX33XX XXXXXXXXXX    3XXXXXX XXXXXX3XXXXXXXXX 33XX XXXX3XX3XXXXXXX3XXXX  3XXXXX3XXXXXX3XXXXXX XXX
        2.76*10^ 1  XXXXXXXXX XXXXXXXXXX    XXXXXXX XXXXXXXXXXXXXXXX XXXX XXXXXXXXXXXXXXXXXXXX  XXXXXXXXXXXXXXXXXXXX XXX
        2.64*10^ 1  XXXXXXXXX7XXXXXXXXXX 77 XXXXXXX XXXXXXXXXXXXXXXX7XXXX XXXXXXXXXXXXXXXXXXXX  XXXXXXXXXXXXXXXXXXXX XXX
        2.52*10^ 1  XXXXXXXXXXXXXXXXXXXX8XX XXXXXXX XXXXXXXXXXXXXXXXXXXXX XXXXXXXXXXXXXXXXXXXX8 XXXXXXXXXXXXXXXXXXXX XXX
        2.40*10^ 1  XXXXXXXXXXXXXXXXXXXXXXXXXXXXXXXXXXXXXXXXXXXXXXXXXXXXXXXXXXXXXXXXXXXXXXXXXXXXXXXXXXXXXXXXXXXXXXXX XXX
        2.28*10^ 1  XXXXXXXXXXXXXXXXXXXXXXXXXXXXXXXXXXXXXXXXXXXXXXXXXXXXXXXXXXXXXXXXXXXXXXXXXXXXXXXXXXXXXXXXXXXXXXXX XXX
        2.16*10^ 1  XXXXXXXXXXXXXXXXXXXXXXXXXXXXXXXXXXXXXXXXXXXXXXXXXXXXXXXXXXXXXXXXXXXXXXXXXXXXXXXXXXXXXXXXXXXXXXXX XXX
        2.04*10^ 1  XXXXXXXXXXXXXXXXXXXXXXXXXXXXXXXXXXXXXXXXXXXXXXXXXXXXXXXXXXXXXXXXXXXXXXXXXXXXXXXXXXXXXXXXXXXXXXXX XXX
        1.92*10^ 1  XXXXXXXXXXXXXXXXXXXXXXXXXXXXXXXXXXXXXXXXXXXXXXXXXXXXXXXXXXXXXXXXXXXXXXXXXXXXXXXXXXXXXXXXXXXXXXXX XXX
        1.80*10^ 1  XXXXXXXXXXXXXXXXXXXXXXXXXXXXXXXXXXXXXXXXXXXXXXXXXXXXXXXXXXXXXXXXXXXXXXXXXXXXXXXXXXXXXXXXXXXXXXXX2XXX

          Contents                                                                                                      
            *10^ 1  3333322432434333333322222443333233344323333333332223325333233232343432344422233433244343324323431343
            *10^ 0  5613188056147352007756648024202478722688627630596880142031851859365148240154843058837182180999317603
            *10^-1  0000000000000000000000000000000000000000000000000000000000000000000000000000000000000000000000000000
            *10^-2  0000000000000000000000000000000000000000000000000000000000000000000000000000000000000000000000000000

          Low edge  --------------------------------------------------                                                  
            *10^ 0  3332222222222222222111111111111111100000000000000000000000000000001111111111111111222222222222222233
            *10^-1  1009887765543322100988776554332110098876655433211000112334556678890011233455677889001223345567788900
            *10^-2  4825936048159260471582603715826937148259370481593606395184073952841739628517306285174062951840639528

   Entries  =        3383    Mean =  3.3032e-02    Underflow =  0.0000e+00    Low edge  = -3.1416e+00
   All chan =  3.3830e+03    Rms  =  1.8179e+00    Overflow  =  0.0000e+00    High edge =  3.1416e+00


  2022-05-02 15:57       phi for jets, CellJet

        5.04*10^ 1                                                                                      7               
        4.92*10^ 1                                                                      8               X               
        4.80*10^ 1                                                                      X               X X             
        4.68*10^ 1                                                                      X               X X             
        4.56*10^ 1                                     5                  5           5 X               X X             
        4.44*10^ 1            7                        X                  X           X X   7           X X             
        4.32*10^ 1            X                       8X                  X           X X   X      8    X X    8        
        4.20*10^ 1            X        2             XXXX X2 X X          X2          X X   X      X    X X    X X      
        4.08*10^ 1            X       3X 3  3     3  XXXX XX X X          XX          X X   X    3 X    X X    X X      
        3.96*10^ 1          5 X 5 5   XX X  X     X  XXXX XX X X5         XX      5   X X   X    X X   5X X    X X      
        3.84*10^ 1          X X7X X  7XX X  X     X  XXXX XX X XX         XX      X   X X  7X    X X   XX X    X X7     
        3.72*10^ 1    8     X XXX X  XXX X  X   8 X  XXXX8XX X XX         XX    8 X   X X  XX    X X   XX X 8  X XX     
        3.60*10^ 1    XX    X XXX X  XXX X  X   X X  XXXXXXX X XX X    2  XX    X X2  X X XXX X  XXX2 2XX2X X22X XXX    
        3.48*10^ 1    XX    X XXX X3 XXX X  X3  X X  XXXXXXX X XX X    X3 XX 3  X XX  X X XXX X  XXXX3XXXXX3XXXX XXX 3  
        3.36*10^ 1   5XX5   X XXX XX XXX X  XX5 X X  XXXXXXX X XX X5   XX5XX X  X XX5 X X XXX X  XXXXXXXXXXXXXXX5XXX5X  
        3.24*10^ 1   XXXX7  X XXX XX XXX X  XXX7X X  XXXXXXX X XX XX   XXXXX7X  X XXX X7X XXX X  XXXXXXXXXXXXXXXXXXXXX  
        3.12*10^ 1   XXXXX  X XXX8XX XXX X  XXXXX8X  XXXXXXX X8XX XX   XXXXXXX  X8XXX8XXX XXX X8 XXXXXXXXXXXXXXXXXXXXX  
        3.00*10^ 1   XXXXX XXXXXXXXX2XXX X  XXXXXXX  XXXXXXXXXXXX XX2 XXXXXXXXXXXXXXXXXXXXXXX XX XXXXXXXXXXXXXXXXXXXXXX2
        2.88*10^ 1   XXXXX XXXXXXXXXXXXX X  XXXXXXX  XXXXXXXXXXXX XXX3XXXXXXXXXXXXXXXXXXXXXXX XX XXXXXXXXXXXXXXXXXXXXXXX
        2.76*10^ 1   XXXXX5XXXXXXXXXXXXX X  XXXXXXX 5XXXXXXXXXXXX5XXXXXXXXXXXXXXXXXXXXXXXXXXX XX XXXXXXXXXXXXXXXXXXXXXXX
        2.64*10^ 1   XXXXXXXXXXXXXXXXXXX X  XXXXXXX XXXXXXXXXXXXXXXXXXXXXXXXXXXXXXXXXXXXXXXXX XX XXXXXXXXXXXXXXXXXXXXXXX
        2.52*10^ 1   XXXXXXXXXXXXXXXXXXX X8 XXXXXXX8XXXXXXXXXXXXXXXXXXXXXXXXXXXXXXXXXXXXXXXXX8XX XXXXXXXXXXXXXXXXXXXXXXX
        2.40*10^ 1   XXXXXXXXXXXXXXXXXXX XX2XXXXXXXXXXXXXXXXXXXXXXXXXXXXXXXXXXXXXXXXXXXXXXXXXXXXXXXXXXXXXXXXXXXXXXXXXXXX
        2.28*10^ 1   XXXXXXXXXXXXXXXXXXX XXXXXXXXXXXXXXXXXXXXXXXXXXXXXXXXXXXXXXXXXXXXXXXXXXXXXXXXXXXXXXXXXXXXXXXXXXXXXXX
        2.16*10^ 1   XXXXXXXXXXXXXXXXXXX5XXXXXXXXXXXXXXXXXXXXXXXXXXXXXXXXXXXXXXXXXXXXXXXXXXXXXXXXXXXXXXXXXXXXXXXXXXXXXXX
        2.04*10^ 1   XXXXXXXXXXXXXXXXXXXXXXXXXXXXXXXXXXXXXXXXXXXXXXXXXXXXXXXXXXXXXXXXXXXXXXXXXXXXXXXXXXXXXXXXXXXXXXXXXXX
        1.92*10^ 1   XXXXXXXXXXXXXXXXXXXXXXXXXXXXXXXXXXXXXXXXXXXXXXXXXXXXXXXXXXXXXXXXXXXXXXXXXXXXXXXXXXXXXXXXXXXXXXXXXXX
        1.80*10^ 1   XXXXXXXXXXXXXXXXXXXXXXXXXXXXXXXXXXXXXXXXXXXXXXXXXXXXXXXXXXXXXXXXXXXXXXXXXXXXXXXXXXXXXXXXXXXXXXXXXXX
        1.68*10^ 1  3XXXXXXXXXXXXXXXXXXXXXXXXXXXXXXXXXXXXXXXXXXXXXXXXXXXXXXXXXXXXXXXXXXXXXXXXXXXXXXXXXXXXXXXXXXXXXXXXXXX

          Contents                                                                                                      
            *10^ 1  1333332333433333234424224333334224444344343432332233334433333333334343334233243433335343333434333332
            *10^ 0  6376327090489194980110530432710572352721021297639805435124007195315290684561406354590584755332863409
            *10^-1  0000000000000000000000000000000000000000000000000000000000000000000000000000000000000000000000000000
            *10^-2  0000000000000000000000000000000000000000000000000000000000000000000000000000000000000000000000000000

          Low edge  --------------------------------------------------                                                  
            *10^ 0  3332222222222222222111111111111111100000000000000000000000000000001111111111111111222222222222222233
            *10^-1  1009887765543322100988776554332110098876655433211000112334556678890011233455677889001223345567788900
            *10^-2  4825936048159260471582603715826937148259370481593606395184073952841739628517306285174062951840639528

   Entries  =        3550    Mean =  5.0371e-02    Underflow =  1.8000e+01    Low edge  = -3.1416e+00
   All chan =  3.5170e+03    Rms  =  1.8006e+00    Overflow  =  1.5000e+01    High edge =  3.1416e+00


  2022-05-02 15:57       R distance between jets, SlowJet

        4.50*10^ 2                               4                                                                      
        4.35*10^ 2                               X 9                                                                    
        4.20*10^ 2                              2X9X                                                                    
        4.05*10^ 2                            1 XXXX                                                                    
        3.90*10^ 2                            X1XXXX                                                                    
        3.75*10^ 2                            XXXXXX                                                                    
        3.60*10^ 2                          9 XXXXXX3                                                                   
        3.45*10^ 2                          X9XXXXXXX5                                                                  
        3.30*10^ 2                          XXXXXXXXXX                                                                  
        3.15*10^ 2                       7X4XXXXXXXXXX                                                                  
        3.00*10^ 2                    5 5XXXXXXXXXXXXX9                                                                 
        2.85*10^ 2              1    5X XXXXXXXXXXXXXXX                                                                 
        2.70*10^ 2             8X    XX6XXXXXXXXXXXXXXX                                                                 
        2.55*10^ 2             XX 1 3XXXXXXXXXXXXXXXXXX99                                                               
        2.40*10^ 2            2XX8X6XXXXXXXXXXXXXXXXXXXXX 3                                                             
        2.25*10^ 2            XXXXXXXXXXXXXXXXXXXXXXXXXXX X                                                             
        2.10*10^ 2           6XXXXXXXXXXXXXXXXXXXXXXXXXXXXX                                                             
        1.95*10^ 2           XXXXXXXXXXXXXXXXXXXXXXXXXXXXXX7                                                            
        1.80*10^ 2           XXXXXXXXXXXXXXXXXXXXXXXXXXXXXXX15                                                          
        1.65*10^ 2          1XXXXXXXXXXXXXXXXXXXXXXXXXXXXXXXXX                                                          
        1.50*10^ 2          XXXXXXXXXXXXXXXXXXXXXXXXXXXXXXXXXX763                                                       
        1.35*10^ 2          XXXXXXXXXXXXXXXXXXXXXXXXXXXXXXXXXXXXX3                                                      
        1.20*10^ 2          XXXXXXXXXXXXXXXXXXXXXXXXXXXXXXXXXXXXXX 94                                                   
        1.05*10^ 2          XXXXXXXXXXXXXXXXXXXXXXXXXXXXXXXXXXXXXX9XX5                                                  
        0.90*10^ 2          XXXXXXXXXXXXXXXXXXXXXXXXXXXXXXXXXXXXXXXXXX1685                                              
        0.75*10^ 2          XXXXXXXXXXXXXXXXXXXXXXXXXXXXXXXXXXXXXXXXXXXXXX6                                             
        0.60*10^ 2         2XXXXXXXXXXXXXXXXXXXXXXXXXXXXXXXXXXXXXXXXXXXXXXX92                                           
        0.45*10^ 2         XXXXXXXXXXXXXXXXXXXXXXXXXXXXXXXXXXXXXXXXXXXXXXXXXXXX55                                       
        0.30*10^ 2         XXXXXXXXXXXXXXXXXXXXXXXXXXXXXXXXXXXXXXXXXXXXXXXXXXXXXX93757 3                                
        0.15*10^ 2        1XXXXXXXXXXXXXXXXXXXXXXXXXXXXXXXXXXXXXXXXXXXXXXXXXXXXXXXXXXX9X894752232                       

          Contents                                                                                                      
            *10^ 2  0000000012222222222223333333444433222221111111111000000000000000000000000000000000000000000000000000
            *10^ 1  0000000450267343479691105497041353955139674442011978886544433212221111010000000000000000000000000000
            *10^ 0  0000001814872724472421569416818408943000735405381864729985587995253923607334300000000000000000000000
            *10^-1  0000000000000000000000000000000000000000000000000000000000000000000000000000000000000000000000000000

          Low edge                                                                                                      
            *10^ 0  0000000000111111111122222222223333333333444444444455555555556666666666777777777788888888889999999999
            *10^-1  0123456789012345678901234567890123456789012345678901234567890123456789012345678901234567890123456789
            *10^-2  0000000000000000000000000000000000000000000000000000000000000000000000000000000000000000000000000000

   Entries  =       11687    Mean =  2.9400e+00    Underflow =  0.0000e+00    Low edge  =  0.0000e+00
   All chan =  1.1687e+04    Rms  =  1.2855e+00    Overflow  =  0.0000e+00    High edge =  1.0000e+01


  2022-05-02 15:57       R distance between jets, CellJet

        5.00*10^ 2                                 6                                                                    
        4.80*10^ 2                               63X                                                                    
        4.60*10^ 2                               XXX                                                                    
        4.40*10^ 2                            6 6XXX                                                                    
        4.20*10^ 2                           4X6XXXX                                                                    
        4.00*10^ 2                        7  XXXXXXX 3                                                                  
        3.80*10^ 2                        X 3XXXXXXX X                                                                  
        3.60*10^ 2                       4X9XXXXXXXXXX3                                                                 
        3.40*10^ 2                     1 XXXXXXXXXXXXXX                                                                 
        3.20*10^ 2                   6XX XXXXXXXXXXXXXX                                                                 
        3.00*10^ 2                  4XXX5XXXXXXXXXXXXXX                                                                 
        2.80*10^ 2             3  55XXXXXXXXXXXXXXXXXXX84                                                               
        2.60*10^ 2             X68XXXXXXXXXXXXXXXXXXXXXXX4                                                              
        2.40*10^ 2           41XXXXXXXXXXXXXXXXXXXXXXXXXXX6                                                             
        2.20*10^ 2           XXXXXXXXXXXXXXXXXXXXXXXXXXXXXX5                                                            
        2.00*10^ 2          7XXXXXXXXXXXXXXXXXXXXXXXXXXXXXXXX1                                                          
        1.80*10^ 2          XXXXXXXXXXXXXXXXXXXXXXXXXXXXXXXXXX96                                                        
        1.60*10^ 2          XXXXXXXXXXXXXXXXXXXXXXXXXXXXXXXXXXXX 5                                                      
        1.40*10^ 2         2XXXXXXXXXXXXXXXXXXXXXXXXXXXXXXXXXXXX7X0                                                     
        1.20*10^ 2         XXXXXXXXXXXXXXXXXXXXXXXXXXXXXXXXXXXXXXXX253                                                  
        1.00*10^ 2         XXXXXXXXXXXXXXXXXXXXXXXXXXXXXXXXXXXXXXXXXXXX829                                              
        0.80*10^ 2         XXXXXXXXXXXXXXXXXXXXXXXXXXXXXXXXXXXXXXXXXXXXXXX762                                           
        0.60*10^ 2        8XXXXXXXXXXXXXXXXXXXXXXXXXXXXXXXXXXXXXXXXXXXXXXXXXX6 22                                       
        0.40*10^ 2        XXXXXXXXXXXXXXXXXXXXXXXXXXXXXXXXXXXXXXXXXXXXXXXXXXXXXXXX212  31                               
        0.20*10^ 2      17XXXXXXXXXXXXXXXXXXXXXXXXXXXXXXXXXXXXXXXXXXXXXXXXXXXXXXXXXXXXXXX37533331 1                     

          Contents                                                                                                      
            *10^ 2  0000000112222222233323333444444433322222111111111100000000000000000000000000000000000000000000000000
            *10^ 1  0000015292265577812294956031376958476431987734201099897765444322211220110000000000000000000000000000
            *10^ 0  0000346548262500820207485811326295668820928259140696584232054952499627306656201000000000000000000000
            *10^-1  0000000000000000000000000000000000000000000000000000000000000000000000000000000000000000000000000000

          Low edge                                                                                                      
            *10^ 0  0000000000111111111122222222223333333333444444444455555555556666666666777777777788888888889999999999
            *10^-1  0123456789012345678901234567890123456789012345678901234567890123456789012345678901234567890123456789
            *10^-2  0000000000000000000000000000000000000000000000000000000000000000000000000000000000000000000000000000

   Entries  =       13064    Mean =  2.9261e+00    Underflow =  0.0000e+00    Low edge  =  0.0000e+00
   All chan =  1.3064e+04    Rms  =  1.3056e+00    Overflow  =  0.0000e+00    High edge =  1.0000e+01


  2022-05-02 15:57       pT difference, SlowJet

        1.08*10^ 3                      5                                                                               
        1.04*10^ 3                      X                                                                               
        1.00*10^ 3                      X                                                                               
        0.96*10^ 3                      X                                                                               
        0.92*10^ 3                      X                                                                               
        0.88*10^ 3                      X                                                                               
        0.84*10^ 3                      X                                                                               
        0.80*10^ 3                      X                                                                               
        0.76*10^ 3                      X                                                                               
        0.72*10^ 3                      X                                                                               
        0.68*10^ 3                      X                                                                               
        0.64*10^ 3                      X                                                                               
        0.60*10^ 3                      X                                                                               
        0.56*10^ 3                      X                                                                               
        0.52*10^ 3                      X                                                                               
        0.48*10^ 3                      X                                                                               
        0.44*10^ 3                      X                                                                               
        0.40*10^ 3                      X                                                                               
        0.36*10^ 3                      X                                                                               
        0.32*10^ 3                      X2                                                                              
        0.28*10^ 3                      XX                                                                              
        0.24*10^ 3                      XX                                                                              
        0.20*10^ 3                      XX8                                                                             
        0.16*10^ 3                      XXX5                                                                            
        0.12*10^ 3                      XXXX8                                                                           
        0.08*10^ 3                      XXXXXX68933                                                                     
        0.04*10^ 3                      XXXXXXXXXXXXX8677833245644445545536444533241211111111 11111 111   1  1          

          Contents                                                                                                      
            *10^ 3  0000000000000000000010000000000000000000000000000000000000000000000000000000000000000000000000000000
            *10^ 2  0000000000000000000002111000000000000000000000000000000000000000000000000000000000000000000000000000
            *10^ 1  0000000000000000000058931867755333222311011211112212112111111010000000000000000000000000000000000000
            *10^ 0  0000000000000000000089393121512890398242859376650070942575902954855465223133234132210020021000101000

          Low edge  --------------------                                                                                
            *10^ 2  1000000000000000000000000000000000000000111111111111111111112222222222222222222233333333333333333333
            *10^ 1  0998877665544332211000112233445566778899001122334455667788990011223344556677889900112233445566778899
            *10^ 0  0505050505050505050505050505050505050505050505050505050505050505050505050505050505050505050505050505

   Entries  =        2883    Mean =  4.3006e+01    Underflow =  0.0000e+00    Low edge  = -1.0000e+02
   All chan =  2.8780e+03    Rms  =  6.3719e+01    Overflow  =  5.0000e+00    High edge =  4.0000e+02


  2022-05-02 15:57       eT difference, CellJet

        1.20*10^ 3                      8                                                                               
        1.16*10^ 3                      X                                                                               
        1.12*10^ 3                      X                                                                               
        1.08*10^ 3                      X                                                                               
        1.04*10^ 3                      X                                                                               
        1.00*10^ 3                      X                                                                               
        0.96*10^ 3                      X                                                                               
        0.92*10^ 3                      X                                                                               
        0.88*10^ 3                      X                                                                               
        0.84*10^ 3                      X                                                                               
        0.80*10^ 3                      X                                                                               
        0.76*10^ 3                      X                                                                               
        0.72*10^ 3                      X                                                                               
        0.68*10^ 3                      X                                                                               
        0.64*10^ 3                      X                                                                               
        0.60*10^ 3                      X                                                                               
        0.56*10^ 3                      X                                                                               
        0.52*10^ 3                      X                                                                               
        0.48*10^ 3                      X                                                                               
        0.44*10^ 3                      X                                                                               
        0.40*10^ 3                      X                                                                               
        0.36*10^ 3                      X1                                                                              
        0.32*10^ 3                      XX                                                                              
        0.28*10^ 3                      XX                                                                              
        0.24*10^ 3                      XX                                                                              
        0.20*10^ 3                      XX5                                                                             
        0.16*10^ 3                      XXX2                                                                            
        0.12*10^ 3                      XXXX92                                                                          
        0.08*10^ 3                      XXXXXX877412                                                                    
        0.04*10^ 3                      XXXXXXXXXXXX9869876345383435384644544442433211111111111111 1 1 1  1  1          

          Contents                                                                                                      
            *10^ 3  0000000000000000000010000000000000000000000000000000000000000000000000000000000000000000000000000000
            *10^ 2  0000000000000000000013111000000000000000000000000000000000000000000000000000000000000000000000000000
            *10^ 1  0000000000000000000092721876654433233221111311111312111111101110000000000000000000000000000000000000
            *10^ 0  0000000000000000000005977829645853243730682115082073559555775128544554533222551212121020121000001000

          Low edge  --------------------                                                                                
            *10^ 2  1000000000000000000000000000000000000000111111111111111111112222222222222222222233333333333333333333
            *10^ 1  0998877665544332211000112233445566778899001122334455667788990011223344556677889900112233445566778899
            *10^ 0  0505050505050505050505050505050505050505050505050505050505050505050505050505050505050505050505050505

   Entries  =        3050    Mean =  4.1058e+01    Underflow =  0.0000e+00    Low edge  = -1.0000e+02
   All chan =  3.0450e+03    Rms  =  6.2567e+01    Overflow  =  5.0000e+00    High edge =  4.0000e+02
