
 *------------------------------------------------------------------------------------* 
 |                                                                                    | 
 |  *------------------------------------------------------------------------------*  | 
 |  |                                                                              |  | 
 |  |                                                                              |  | 
 |  |   PPP   Y   Y  TTTTT  H   H  III    A      Welcome to the Lund Monte Carlo!  |  | 
 |  |   P  P   Y Y     T    H   H   I    A A     This is PYTHIA version 8.244      |  | 
 |  |   PPP     Y      T    HHHHH   I   AAAAA    Last date of change: 20 Dec 2019  |  | 
 |  |   P       Y      T    H   H   I   A   A                                      |  | 
 |  |   P       Y      T    H   H  III  A   A    Now is 23 Apr 2020 at 22:09:53    |  | 
 |  |                                                                              |  | 
 |  |   Christian Bierlich;  Department of Astronomy and Theoretical Physics,      |  | 
 |  |      Lund University, Solvegatan 14A, SE-223 62 Lund, Sweden;                |  | 
 |  |      e-mail: christian.bierlich@thep.lu.se                                   |  | 
 |  |   Nishita Desai;  Department of Theoretical Physics, Tata Institute,         |  | 
 |  |      Homi Bhabha Road, Mumbai 400005, India;                                 |  | 
 |  |      e-mail: desai@theory.tifr.res.in                                        |  | 
 |  |   Ilkka Helenius;  Department of Physics, University of Jyvaskyla,           |  | 
 |  |      P.O. Box 35, FI-40014 University of Jyvaskyla, Finland;                 |  | 
 |  |      e-mail: ilkka.m.helenius@jyu.fi                                         |  | 
 |  |   Philip Ilten;  School of Physics and Astronomy,                            |  | 
 |  |      University of Birmingham, Birmingham, B152 2TT, UK;                     |  | 
 |  |      e-mail: philten@cern.ch                                                 |  | 
 |  |   Leif Lonnblad;  Department of Astronomy and Theoretical Physics,           |  | 
 |  |      Lund University, Solvegatan 14A, SE-223 62 Lund, Sweden;                |  | 
 |  |      e-mail: leif.lonnblad@thep.lu.se                                        |  | 
 |  |   Stephen Mrenna;  Computing Division, Simulations Group,                    |  | 
 |  |      Fermi National Accelerator Laboratory, MS 234, Batavia, IL 60510, USA;  |  | 
 |  |      e-mail: mrenna@fnal.gov                                                 |  | 
 |  |   Stefan Prestel;  Department of Astronomy and Theoretical Physics,          |  | 
 |  |      Lund University, Solvegatan 14A, SE-223 62 Lund, Sweden;                |  | 
 |  |      e-mail: stefan.prestel@thep.lu.se                                       |  | 
 |  |   Christine O. Rasmussen;  Department of Astronomy and Theoretical Physics,  |  | 
 |  |      Lund University, Solvegatan 14A, SE-223 62 Lund, Sweden;                |  | 
 |  |      e-mail: christine.rasmussen@thep.lu.se                                  |  | 
 |  |   Torbjorn Sjostrand;  Department of Astronomy and Theoretical Physics,      |  | 
 |  |      Lund University, Solvegatan 14A, SE-223 62 Lund, Sweden;                |  | 
 |  |      e-mail: torbjorn@thep.lu.se                                             |  | 
 |  |   Peter Skands;  School of Physics,                                          |  | 
 |  |      Monash University, PO Box 27, 3800 Melbourne, Australia;                |  | 
 |  |      e-mail: peter.skands@monash.edu                                         |  | 
 |  |                                                                              |  | 
 |  |   The main program reference is 'An Introduction to PYTHIA 8.2',             |  | 
 |  |   T. Sjostrand et al, Comput. Phys. Commun. 191 (2015) 159                   |  | 
 |  |   [arXiv:1410.3012 [hep-ph]]                                                 |  | 
 |  |                                                                              |  | 
 |  |   The main physics reference is the 'PYTHIA 6.4 Physics and Manual',         |  | 
 |  |   T. Sjostrand, S. Mrenna and P. Skands, JHEP05 (2006) 026 [hep-ph/0603175]  |  | 
 |  |                                                                              |  | 
 |  |   An archive of program versions and documentation is found on the web:      |  | 
 |  |   http://www.thep.lu.se/Pythia                                               |  | 
 |  |                                                                              |  | 
 |  |   This program is released under the GNU General Public Licence version 2.   |  | 
 |  |   Please respect the MCnet Guidelines for Event Generator Authors and Users. |  | 
 |  |                                                                              |  | 
 |  |   Disclaimer: this program comes without any guarantees.                     |  | 
 |  |   Beware of errors and use common sense when interpreting results.           |  | 
 |  |                                                                              |  | 
 |  |   Copyright (C) 2019 Torbjorn Sjostrand                                      |  | 
 |  |                                                                              |  | 
 |  |                                                                              |  | 
 |  *------------------------------------------------------------------------------*  | 
 |                                                                                    | 
 *------------------------------------------------------------------------------------* 


 *-------  PYTHIA Process Initialization  --------------------------*
 |                                                                  |
 | We collide p+ with p+ at a CM energy of 1.400e+04 GeV            |
 |                                                                  |
 |------------------------------------------------------------------|
 |                                                    |             |
 | Subprocess                                    Code |   Estimated |
 |                                                    |    max (mb) |
 |                                                    |             |
 |------------------------------------------------------------------|
 |                                                    |             |
 | g g -> g g                                     111 |   1.720e-04 |
 | g g -> q qbar (uds)                            112 |   2.971e-06 |
 | q g -> q g                                     113 |   3.255e-04 |
 | q q(bar)' -> q q(bar)'                         114 |   5.571e-05 |
 | q qbar -> g g                                  115 |   4.574e-07 |
 | q qbar -> q' qbar' (uds)                       116 |   2.590e-07 |
 | g g -> c cbar                                  121 |   9.901e-07 |
 | q qbar -> c cbar                               122 |   8.633e-08 |
 | g g -> b bbar                                  123 |   9.889e-07 |
 | q qbar -> b bbar                               124 |   8.628e-08 |
 |                                                                  |
 *-------  End PYTHIA Process Initialization -----------------------*

 *-------  PYTHIA Multiparton Interactions Initialization  ---------* 
 |                                                                  | 
 |                   sigmaNonDiffractive =    57.17 mb              | 
 |                                                                  | 
 |    pT0 =  2.65 gives sigmaInteraction =   327.39 mb: accepted    | 
 |                                                                  | 
 *-------  End PYTHIA Multiparton Interactions Initialization  -----* 

 *-------  PYTHIA Flag + Mode + Parm + Word + FVec + MVec + PVec + WVec Settings (changes only)  ------------------* 
 |                                                                                                                 | 
 | Name                                          |                      Now |      Default         Min         Max | 
 |                                               |                          |                                      | 
 | HardQCD:all                                   |                       on |          off                         | 
 | Next:numberShowEvent                          |                        0 |            1           0             | 
 | Next:numberShowInfo                           |                        0 |            1           0             | 
 | Next:numberShowProcess                        |                        0 |            1           0             | 
 | PhaseSpace:pTHatMin                           |                200.00000 |          0.0         0.0             | 
 |                                                                                                                 | 
 *-------  End PYTHIA Flag + Mode + Parm + Word + FVec + MVec + PVec + WVec Settings  -----------------------------* 

 --------  PYTHIA Particle Data Table (changed only)  ------------------------------------------------------------------------------
 
      id   name            antiName         spn chg col      m0        mWidth      mMin       mMax       tau0    res dec ext vis wid
             no onMode   bRatio   meMode     products 

 no particle data has been changed from its default value 

 --------  End PYTHIA Particle Data Table  -----------------------------------------------------------------------------------------

#--------------------------------------------------------------------------
#                     FastJet release 3.2.1 [fjcore]
#                 M. Cacciari, G.P. Salam and G. Soyez                  
#     A software package for jet finding and analysis at colliders      
#                           http://fastjet.fr                           
#	                                                                      
# Please cite EPJC72(2012)1896 [arXiv:1111.6097] if you use this package
# for scientific work and optionally PLB641(2006)57 [hep-ph/0512210].   
#                                                                       
# FastJet is provided without warranty under the terms of the GNU GPLv2.
# It uses T. Chan's closest pair algorithm, S. Fortune's Voronoi code
# and 3rd party plugin jet algorithms. See COPYING file for details.
#--------------------------------------------------------------------------

 --  PYTHIA SlowJet(fjcore) Listing, p = -1, R = 0.700, pTjetMin =  10.000, etaMax =  4.000  -- 
 
   no      pTjet      y       phi   mult      p_x        p_y        p_z         e          m 
    0    226.647    0.460    1.060    74    110.760    197.740    110.239    256.465     47.467
    1    214.784    0.147   -2.037    32    -96.565   -191.852     32.010    218.595     25.040
    2     21.829    3.517   -2.232    26    -13.400    -17.232    388.038    388.722      7.418
    3     17.807    3.055    2.414    19    -13.296     11.845    206.341    207.259      7.919
    4     15.806    0.775   -0.760    18     11.458    -10.888     14.376     22.133      5.775

 --------  End PYTHIA SlowJet Listing  --------------------------------------------------------

 --------  PYTHIA CellJet Listing, eTjetMin =   10.000, coneRadius = 0.700  ------------------------------ 
 
  no     eTjet  etaCtr  phiCtr   etaWt   phiWt mult      p_x        p_y        p_z         e          m 
   0   227.800   0.350   1.031   0.451   1.061   74    110.431    197.585    107.765    254.781     45.445
   1   215.351   0.150  -2.013   0.155  -2.016   32    -92.575   -193.809     33.651    218.718     23.939
   2    21.735   3.650  -2.209   3.546  -2.229   22    -12.952    -16.781    382.511    383.148      6.216
   3    17.877   3.050   2.307   3.081   2.295   17    -11.479     12.965    202.009    202.863      6.769
   4    15.487   0.850  -0.638   0.792  -0.750   17     11.183    -10.430     14.061     21.301      4.709

 --------  End PYTHIA CellJet Listing  -------------------------------------------------------------------

 --  PYTHIA SlowJet(fjcore) Listing, p = -1, R = 0.700, pTjetMin =  10.000, etaMax =  4.000  -- 
 
   no      pTjet      y       phi   mult      p_x        p_y        p_z         e          m 
    0    279.160   -1.399   -1.463    38     29.969   -277.547   -535.727    605.279     37.801
    1    235.616    1.434    1.356    46     50.311    230.182    471.196    527.967     34.766
    2     96.969   -3.212    2.802    44    -91.446     32.258  -1221.217   1225.186     17.485

 --------  End PYTHIA SlowJet Listing  --------------------------------------------------------

 --------  PYTHIA CellJet Listing, eTjetMin =   10.000, coneRadius = 0.700  ------------------------------ 
 
  no     eTjet  etaCtr  phiCtr   etaWt   phiWt mult      p_x        p_y        p_z         e          m 
   0   280.950  -1.350  -1.522  -1.388  -1.463   38     29.984   -277.470   -529.553    599.906     39.645
   1   236.500   1.450   1.325   1.424   1.353   45     50.881    229.804    465.545    522.821     34.802
   2    97.347  -3.250   2.798  -3.217   2.785   42    -90.633     33.732  -1220.059   1223.984     15.579
   3    12.775  -3.250   1.620  -3.150   1.657   19     -1.089     12.482   -162.845    163.444      6.189

 --------  End PYTHIA CellJet Listing  -------------------------------------------------------------------

 --  PYTHIA SlowJet(fjcore) Listing, p = -1, R = 0.700, pTjetMin =  10.000, etaMax =  4.000  -- 
 
   no      pTjet      y       phi   mult      p_x        p_y        p_z         e          m 
    0    486.510   -0.925   -1.986    22   -196.297   -445.151   -517.990    711.124     26.297
    1    315.425    0.019    1.160    79    126.017    289.159      6.171    329.960     96.656
    2    172.511    3.444    1.035    32     88.008    148.374   2715.770   2721.315     19.681
    3     24.488    0.264   -2.584    23    -20.774    -12.965      6.970     26.981      8.929
    4     22.063   -2.075    0.147    33     21.824      3.241    -94.082     97.097      9.467
    5     19.608    0.497    2.832    25    -18.678      5.968     11.065     24.081      8.543
    6     17.789    0.690    1.882    20     -5.448     16.934     13.983     23.378      5.880
    7     14.932    1.180   -1.049    14      7.448    -12.942     22.977     27.771      4.510
    8     11.792   -1.066    1.357    18      2.505     11.522    -16.234     20.602      4.675
    9     11.431   -0.681    0.141    15     11.318      1.603     -9.142     15.437      4.905

 --------  End PYTHIA SlowJet Listing  --------------------------------------------------------

 --------  PYTHIA CellJet Listing, eTjetMin =   10.000, coneRadius = 0.700  ------------------------------ 
 
  no     eTjet  etaCtr  phiCtr   etaWt   phiWt mult      p_x        p_y        p_z         e          m 
   0   486.753  -0.950  -2.013  -0.949  -2.014   22   -208.818   -439.479   -534.594    723.293     24.811
   1   314.659   0.250   1.031   0.043   1.140   67    128.464    279.295     14.003    321.932     94.525
   2   173.021   3.450   1.031   3.449   1.029   33     89.026    147.963   2727.239   2732.754     17.227
   3    22.914  -2.150   0.147  -2.125   0.090   30     21.865      1.988    -96.842     99.644      8.285
   4    22.483   0.250  -2.307   0.268  -2.488   21    -17.490    -13.386      6.235     23.786      6.468
   5    20.991   0.550   2.798   0.569   2.842   29    -19.597      6.058     13.133     25.500      7.551
   6    18.133  -0.850   1.031  -0.839   1.149   28      6.835     15.548    -17.853     26.046      8.439
   7    17.023   0.550   1.718   0.671   1.821   17     -4.110     16.221     12.521     21.369      4.453
   8    14.958   1.150  -1.031   1.174  -1.037   13      7.568    -12.811     22.553     27.297      3.890

 --------  End PYTHIA CellJet Listing  -------------------------------------------------------------------

 --  PYTHIA SlowJet(fjcore) Listing, p = -1, R = 0.700, pTjetMin =  10.000, etaMax =  4.000  -- 
 
   no      pTjet      y       phi   mult      p_x        p_y        p_z         e          m 
    0    272.601    0.964    0.893    59    170.971    212.321    309.013    414.174     41.706
    1    184.513    0.795    3.031    56   -183.381     20.403    167.645    253.465     45.767
    2    170.917   -0.139   -1.567    65      0.589   -170.916    -25.148    181.475     55.570
    3     53.061   -0.423   -0.569    26     44.693    -28.600    -23.842     59.628     13.102
    4     30.698   -0.180   -2.332    25    -21.182    -22.219     -5.881     33.011     10.621
    5     14.353   -2.492   -1.064    20      6.972    -12.546    -94.026     95.323      6.292
    6     13.033   -1.422   -1.638    20     -0.877    -13.004    -27.471     30.866      5.308
    7     11.524   -0.124    1.165    16      4.547     10.588     -1.519     12.340      4.144

 --------  End PYTHIA SlowJet Listing  --------------------------------------------------------

 --------  PYTHIA CellJet Listing, eTjetMin =   10.000, coneRadius = 0.700  ------------------------------ 
 
  no     eTjet  etaCtr  phiCtr   etaWt   phiWt mult      p_x        p_y        p_z         e          m 
   0   273.095   0.950   0.834   0.980   0.884   58    172.490    210.149    314.140    417.169     37.828
   1   183.347   0.950   2.994   0.819   3.029   50   -179.902     20.606    170.055    252.186     43.471
   2   169.053  -0.150  -1.424  -0.141  -1.536   57      5.991   -164.605    -24.199    172.982     46.973
   3    51.119  -0.450  -0.540  -0.460  -0.528   25     43.968    -25.671    -24.830     57.565     10.246
   4    37.332  -0.350  -2.307  -0.222  -2.294   31    -24.522    -27.814     -8.606     39.443     10.332
   5    13.970  -1.450  -1.522  -1.473  -1.545   19      0.327    -13.578    -30.082     33.433      5.329
   6    13.409  -2.550  -0.933  -2.542  -1.052   18      6.438    -11.249    -87.518     88.607      4.886
   7    13.019  -0.050   1.227  -0.091   1.178   18      4.778     11.518     -1.195     13.341      4.590
   8    12.033   0.350  -2.209   0.599  -2.373   14     -8.362     -8.036      7.808     14.554      4.041

 --------  End PYTHIA CellJet Listing  -------------------------------------------------------------------

 --  PYTHIA SlowJet(fjcore) Listing, p = -1, R = 0.700, pTjetMin =  10.000, etaMax =  4.000  -- 
 
   no      pTjet      y       phi   mult      p_x        p_y        p_z         e          m 
    0    227.184    2.222    2.287    40   -149.146    171.371   1048.090   1072.988     34.602
    1    196.485    2.669   -0.805    27    136.166   -141.652   1419.211   1432.915     21.903
    2     42.264   -0.570   -1.065    18     20.489    -36.965    -25.769     50.006      7.100
    3     26.468    3.117    2.863    37    -25.448      7.276    319.874    321.133     10.297
    4     14.377   -2.278   -1.371    22      2.850    -14.092    -74.936     76.527      5.852

 --------  End PYTHIA SlowJet Listing  --------------------------------------------------------

 --------  PYTHIA CellJet Listing, eTjetMin =   10.000, coneRadius = 0.700  ------------------------------ 
 
  no     eTjet  etaCtr  phiCtr   etaWt   phiWt mult      p_x        p_y        p_z         e          m 
   0   227.516   2.250   2.307   2.245   2.300   43   -150.812    168.778   1067.053   1091.253     31.616
   1   196.485   2.650  -0.834   2.659  -0.831   28    132.106   -144.847   1401.518   1415.314     20.646
   2    42.438  -0.550  -1.031  -0.559  -1.066   18     20.442    -36.965    -25.263     49.730      7.108
   3    25.805   2.850   2.896   2.989   2.926   32    -24.744      5.418    262.884    264.223      8.016
   4    15.861  -2.250  -1.424  -2.261  -1.450   23      1.844    -14.931    -76.975     78.669      6.100
   5    11.229   1.750   0.049   1.782   0.089   10     10.948      0.969     34.648     36.674      4.866

 --------  End PYTHIA CellJet Listing  -------------------------------------------------------------------
 PYTHIA Warning in MultipartonInteractions::pTnext: weight above unity  
 PYTHIA Error in StringFragmentation::fragment: stuck in joining  
 PYTHIA Error in Pythia::next: hadronLevel failed; try again  

 *-------  PYTHIA Event and Cross Section Statistics  -------------------------------------------------------------*
 |                                                                                                                 |
 | Subprocess                                    Code |            Number of events       |      sigma +- delta    |
 |                                                    |       Tried   Selected   Accepted |     (estimated) (mb)   |
 |                                                    |                                   |                        |
 |-----------------------------------------------------------------------------------------------------------------|
 |                                                    |                                   |                        |
 | g g -> g g                                     111 |        1229        183        183 |   2.877e-05  9.521e-07 |
 | g g -> q qbar (uds)                            112 |          20          7          7 |   9.477e-07  1.655e-07 |
 | q g -> q g                                     113 |        2544        248        248 |   3.438e-05  1.088e-06 |
 | q q(bar)' -> q q(bar)'                         114 |         462         57         57 |   7.142e-06  4.840e-07 |
 | q qbar -> g g                                  115 |           2          1          1 |   7.320e-08  7.320e-08 |
 | q qbar -> q' qbar' (uds)                       116 |           4          1          1 |   1.263e-07  1.263e-07 |
 | g g -> c cbar                                  121 |           5          1          1 |   1.396e-07  1.396e-07 |
 | q qbar -> c cbar                               122 |           1          0          0 |   0.000e+00  0.000e+00 |
 | g g -> b bbar                                  123 |           5          2          2 |   2.520e-07  9.190e-08 |
 | q qbar -> b bbar                               124 |           1          0          0 |   0.000e+00  0.000e+00 |
 |                                                    |                                   |                        |
 | sum                                                |        4273        500        500 |   7.183e-05  1.550e-06 |
 |                                                                                                                 |
 *-------  End PYTHIA Event and Cross Section Statistics ----------------------------------------------------------*

 *-------  PYTHIA Error and Warning Messages Statistics  ----------------------------------------------------------* 
 |                                                                                                                 | 
 |  times   message                                                                                                | 
 |                                                                                                                 | 
 |      1   Error in Pythia::next: hadronLevel failed; try again                                                   | 
 |      1   Error in StringFragmentation::fragment: stuck in joining                                               | 
 |      1   Warning in MultipartonInteractions::pTnext: weight above unity                                         | 
 |                                                                                                                 | 
 *-------  End PYTHIA Error and Warning Messages Statistics  ------------------------------------------------------* 


  2020-04-23 22:10       number of jets, SlowJet

        8.40*10^ 1         3                                          
        8.10*10^ 1         X                                          
        7.80*10^ 1       3 X                                          
        7.50*10^ 1       X X                                          
        7.20*10^ 1       X X                                          
        6.90*10^ 1       X X                                          
        6.60*10^ 1      XX7X                                          
        6.30*10^ 1      XXXX                                          
        6.00*10^ 1      XXXX                                          
        5.70*10^ 1      XXXX                                          
        5.40*10^ 1      XXXX                                          
        5.10*10^ 1      XXXX3                                         
        4.80*10^ 1      XXXXX                                         
        4.50*10^ 1      XXXXX                                         
        4.20*10^ 1     3XXXXX                                         
        3.90*10^ 1     XXXXXX                                         
        3.60*10^ 1     XXXXXX                                         
        3.30*10^ 1     XXXXXXX                                        
        3.00*10^ 1     XXXXXXXX                                       
        2.70*10^ 1     XXXXXXXX                                       
        2.40*10^ 1     XXXXXXXX                                       
        2.10*10^ 1     XXXXXXXX                                       
        1.80*10^ 1     XXXXXXXX3                                      
        1.50*10^ 1     XXXXXXXXX3                                     
        1.20*10^ 1     XXXXXXXXXX                                     
        0.90*10^ 1    XXXXXXXXXXX7                                    
        0.60*10^ 1    XXXXXXXXXXXXX                                   
        0.30*10^ 1    XXXXXXXXXXXXXX373                               

          Contents                                                    
            *10^ 1  00046768433110000000000000000000000000000000000000
            *10^ 0  00906652930638631210000000000000000000000000000000
            *10^-1  00000000000000000000000000000000000000000000000000
            *10^-2  00000000000000000000000000000000000000000000000000

          Low edge  -                                                 
            *10^ 1  00000000000111111111122222222223333333333444444444
            *10^ 0  00123456789012345678901234567890123456789012345678
            *10^-1  55555555555555555555555555555555555555555555555555

   Entries  =         500    Mean =  6.7360e+00    Underflow =  0.0000e+00    Low edge  = -5.0000e-01
   All chan =  5.0000e+02    Rms  =  2.8288e+00    Overflow  =  0.0000e+00    High edge =  4.9500e+01


  2020-04-23 22:10       number of jets, CellJet

        7.25*10^ 1         8                                          
        7.00*10^ 1        2X                                          
        6.75*10^ 1      48XX                                          
        6.50*10^ 1      XXXX                                          
        6.25*10^ 1      XXXX                                          
        6.00*10^ 1      XXXX                                          
        5.75*10^ 1      XXXX                                          
        5.50*10^ 1      XXXX                                          
        5.25*10^ 1      XXXX                                          
        5.00*10^ 1      XXXX6                                         
        4.75*10^ 1      XXXXX                                         
        4.50*10^ 1      XXXXX                                         
        4.25*10^ 1      XXXXX4                                        
        4.00*10^ 1      XXXXXX                                        
        3.75*10^ 1      XXXXXX4                                       
        3.50*10^ 1      XXXXXXX                                       
        3.25*10^ 1      XXXXXXX                                       
        3.00*10^ 1     XXXXXXXX                                       
        2.75*10^ 1     XXXXXXXX                                       
        2.50*10^ 1     XXXXXXXX2                                      
        2.25*10^ 1     XXXXXXXXX                                      
        2.00*10^ 1     XXXXXXXXX                                      
        1.75*10^ 1     XXXXXXXXX8                                     
        1.50*10^ 1     XXXXXXXXXX                                     
        1.25*10^ 1     XXXXXXXXXX                                     
        1.00*10^ 1    2XXXXXXXXXX  2                                  
        0.75*10^ 1    XXXXXXXXXXX  X                                  
        0.50*10^ 1    XXXXXXXXXXXXXX2                                 
        0.25*10^ 1    XXXXXXXXXXXXXXX 8                               

          Contents                                                    
            *10^ 1  00036667443210000000000000000000000000000000000000
            *10^ 0  00806782916375583020000000000000000000000000000000
            *10^-1  00000000000000000000000000000000000000000000000000
            *10^-2  00000000000000000000000000000000000000000000000000

          Low edge  -                                                 
            *10^ 1  00000000000111111111122222222223333333333444444444
            *10^ 0  00123456789012345678901234567890123456789012345678
            *10^-1  55555555555555555555555555555555555555555555555555

   Entries  =         500    Mean =  7.0680e+00    Underflow =  0.0000e+00    Low edge  = -5.0000e-01
   All chan =  5.0000e+02    Rms  =  2.9529e+00    Overflow  =  0.0000e+00    High edge =  4.9500e+01


  2020-04-23 22:10       number of jets, CellJet - SlowJet

        2.50*10^ 2                        X                      
        2.40*10^ 2                        X                      
        2.30*10^ 2                        X                      
        2.20*10^ 2                        X                      
        2.10*10^ 2                        X                      
        2.00*10^ 2                        X                      
        1.90*10^ 2                        X                      
        1.80*10^ 2                        X                      
        1.70*10^ 2                        X                      
        1.60*10^ 2                        X                      
        1.50*10^ 2                        X                      
        1.40*10^ 2                        X4                     
        1.30*10^ 2                        XX                     
        1.20*10^ 2                        XX                     
        1.10*10^ 2                        XX                     
        1.00*10^ 2                        XX                     
        0.90*10^ 2                        XX                     
        0.80*10^ 2                        XX                     
        0.70*10^ 2                        XX                     
        0.60*10^ 2                       6XX                     
        0.50*10^ 2                       XXX2                    
        0.40*10^ 2                       XXXX                    
        0.30*10^ 2                       XXXX                    
        0.20*10^ 2                       XXXX                    
        0.10*10^ 2                    118XXXX611                 

          Contents                                               
            *10^ 2  000000000000000000000021000000000000000000000
            *10^ 1  000000000000000000000553400000000000000000000
            *10^ 0  000000000000000000118604261100000000000000000
            *10^-1  000000000000000000000000000000000000000000000

          Low edge  -----------------------                      
            *10^ 1  222111111111100000000000000000000111111111122
            *10^ 0  210987654321098765432100123456789012345678901
            *10^-1  555555555555555555555555555555555555555555555

   Entries  =         500    Mean =  3.3200e-01    Underflow =  0.0000e+00    Low edge  = -2.2500e+01
   All chan =  5.0000e+02    Rms  =  9.5382e-01    Overflow  =  0.0000e+00    High edge =  2.2500e+01


  2020-04-23 22:10       pT for jets, SlowJet

        0.92*10^ 3    7                                                                                                 
        0.88*10^ 3    X                                                                                                 
        0.84*10^ 3    X                                                                                                 
        0.80*10^ 3    X                                                                                                 
        0.76*10^ 3    X                                                                                                 
        0.72*10^ 3    X                                                                                                 
        0.68*10^ 3    X                                                                                                 
        0.64*10^ 3    X                                                                                                 
        0.60*10^ 3    X                                                                                                 
        0.56*10^ 3    X                                                                                                 
        0.52*10^ 3    X                                                                                                 
        0.48*10^ 3    X                                                                                                 
        0.44*10^ 3    X                                                                                                 
        0.40*10^ 3    X6                                                                                                
        0.36*10^ 3    XX                                                                                                
        0.32*10^ 3    XX                                                                                                
        0.28*10^ 3    XX                                                                                                
        0.24*10^ 3    XX7                                                                                               
        0.20*10^ 3    XXX                                                                                               
        0.16*10^ 3    XXX5                                                                                              
        0.12*10^ 3    XXXX5                                                                                             
        0.08*10^ 3    XXXXX9715                              5 231                                                      
        0.04*10^ 3    XXXXXXXXX997865475535363332534234566698X8XXX997X6676476555333322212111 21 1 11111  1     1   1 1  

          Contents                                                                                                      
            *10^ 2  0093210000000000000000000000000000000000000000000000000000000000000000000000000000000000000000000000
            *10^ 1  0008249764533232212111112111021101112223363454332422221221111111000000000000000000000000000000000000
            *10^ 0  0093819495864704177980832403913594593346212612469122747738880233999686641931413353301211001201020201
            *10^-1  0000000000000000000000000000000000000000000000000000000000000000000000000000000000000000000000000000

          Low edge                                                                                                      
            *10^ 2  0000000000000000000011111111111111111111222222222222222222223333333333333333333344444444444444444444
            *10^ 1  0011223344556677889900112233445566778899001122334455667788990011223344556677889900112233445566778899
            *10^ 0  0505050505050505050505050505050505050505050505050505050505050505050505050505050505050505050505050505

   Entries  =        3368    Mean =  9.4099e+01    Underflow =  0.0000e+00    Low edge  =  0.0000e+00
   All chan =  3.3550e+03    Rms  =  1.0548e+02    Overflow  =  1.3000e+01    High edge =  5.0000e+02


  2020-04-23 22:10       eT for jets, CellJet

        1.04*10^ 3    8                                                                                                 
        1.00*10^ 3    X                                                                                                 
        0.96*10^ 3    X                                                                                                 
        0.92*10^ 3    X                                                                                                 
        0.88*10^ 3    X                                                                                                 
        0.84*10^ 3    X                                                                                                 
        0.80*10^ 3    X                                                                                                 
        0.76*10^ 3    X                                                                                                 
        0.72*10^ 3    X                                                                                                 
        0.68*10^ 3    X                                                                                                 
        0.64*10^ 3    X                                                                                                 
        0.60*10^ 3    X                                                                                                 
        0.56*10^ 3    X                                                                                                 
        0.52*10^ 3    X                                                                                                 
        0.48*10^ 3    X                                                                                                 
        0.44*10^ 3    X                                                                                                 
        0.40*10^ 3    X4                                                                                                
        0.36*10^ 3    XX                                                                                                
        0.32*10^ 3    XX                                                                                                
        0.28*10^ 3    XX                                                                                                
        0.24*10^ 3    XXX                                                                                               
        0.20*10^ 3    XXX                                                                                               
        0.16*10^ 3    XXX8                                                                                              
        0.12*10^ 3    XXXX61                                                                                            
        0.08*10^ 3    XXXXXX933                             11 131                                                      
        0.04*10^ 3    XXXXXXXXXX9768547554335433345325545866XXXXXXX97X6467656545335322122221 11  1111 1  1         1 1  

          Contents                                                                                                      
            *10^ 3  0010000000000000000000000000000000000000000000000000000000000000000000000000000000000000000000000000
            *10^ 2  0003211000000000000000000000000000000000000000000000000000000000000000000000000000000000000000000000
            *10^ 1  0037450875533223112121112111111102112322444454332321222222111121000000000000000000000000000000000000
            *10^ 0  0035025572185752977805121523168280860135241224958927572141783000794887751641154261301211001110030201

          Low edge                                                                                                      
            *10^ 2  0000000000000000000011111111111111111111222222222222222222223333333333333333333344444444444444444444
            *10^ 1  0011223344556677889900112233445566778899001122334455667788990011223344556677889900112233445566778899
            *10^ 0  0505050505050505050505050505050505050505050505050505050505050505050505050505050505050505050505050505

   Entries  =        3534    Mean =  9.0400e+01    Underflow =  0.0000e+00    Low edge  =  0.0000e+00
   All chan =  3.5210e+03    Rms  =  1.0415e+02    Overflow  =  1.3000e+01    High edge =  5.0000e+02


  2020-04-23 22:10       y for jets, SlowJet

        7.50*10^ 1                                                        X                                             
        7.20*10^ 1                                             3  7  7    X                                             
        6.90*10^ 1                                             X  X  X    X                                             
        6.60*10^ 1                                        3    X XX XX 7  X  X X                                        
        6.30*10^ 1                                       XX   3X XX XX7X7 X  X3XX  X3                                   
        6.00*10^ 1                                7   X  XX 7 XX XX XXXXXXX  XXXX  XX                                   
        5.70*10^ 1                                X  3X 7XX X XX7XX XXXXXXX  XXXX 7XX                                   
        5.40*10^ 1                                X XXX XXX7X XXXXX7XXXXXXXX3XXXX XXX                                   
        5.10*10^ 1                                X3XXX XXXXX XXXXXXXXXXXXXXXXXXXXXXX7  7                               
        4.80*10^ 1                              X XXXXX7XXXXXXXXXXXXXXXXXXXXXXXXXXXXXXX X773                            
        4.50*10^ 1                              X XXXXXXXXXXXXXXXXXXXXXXXXXXXXXXXXXXXXXXXXXX                            
        4.20*10^ 1                              X XXXXXXXXXXXXXXXXXXXXXXXXXXXXXXXXXXXXXXXXXX                            
        3.90*10^ 1                           X  XXXXXXXXXXXXXXXXXXXXXXXXXXXXXXXXXXXXXXXXXXXXX                           
        3.60*10^ 1                           X 3XXXXXXXXXXXXXXXXXXXXXXXXXXXXXXXXXXXXXXXXXXXXX      X                    
        3.30*10^ 1                 7 3    7  X XXXXXXXXXXXXXXXXXXXXXXXXXXXXXXXXXXXXXXXXXXXXXX 7   3X7                   
        3.00*10^ 1                 X X3 X3X77XXXXXXXXXXXXXXXXXXXXXXXXXXXXXXXXXXXXXXXXXXXXXXXX3XX  XXX                   
        2.70*10^ 1                 X XX XXXXXXXXXXXXXXXXXXXXXXXXXXXXXXXXXXXXXXXXXXXXXXXXXXXXXXXX  XXX  33               
        2.40*10^ 1                 X3XXXXXXXXXXXXXXXXXXXXXXXXXXXXXXXXXXXXXXXXXXXXXXXXXXXXXXXXXXX  XXXX7XX               
        2.10*10^ 1                 XXXXXXXXXXXXXXXXXXXXXXXXXXXXXXXXXXXXXXXXXXXXXXXXXXXXXXXXXXXXX7 XXXXXXX               
        1.80*10^ 1               3 XXXXXXXXXXXXXXXXXXXXXXXXXXXXXXXXXXXXXXXXXXXXXXXXXXXXXXXXXXXXXXXXXXXXXXX3             
        1.50*10^ 1               XXXXXXXXXXXXXXXXXXXXXXXXXXXXXXXXXXXXXXXXXXXXXXXXXXXXXXXXXXXXXXXXXXXXXXXXXX             
        1.20*10^ 1               XXXXXXXXXXXXXXXXXXXXXXXXXXXXXXXXXXXXXXXXXXXXXXXXXXXXXXXXXXXXXXXXXXXXXXXXXX             
        0.90*10^ 1              XXXXXXXXXXXXXXXXXXXXXXXXXXXXXXXXXXXXXXXXXXXXXXXXXXXXXXXXXXXXXXXXXXXXXXXXXXXXX           
        0.60*10^ 1             3XXXXXXXXXXXXXXXXXXXXXXXXXXXXXXXXXXXXXXXXXXXXXXXXXXXXXXXXXXXXXXXXXXXXXXXXXXXXX           
        0.30*10^ 1            7XXXXXXXXXXXXXXXXXXXXXXXXXXXXXXXXXXXXXXXXXXXXXXXXXXXXXXXXXXXXXXXXXXXXXXXXXXXXXX3          

          Contents                                                                                                      
            *10^ 1  0000000000000113232232322333435455645665546756756766667556666556654454443233213332222110000000000000
            *10^ 0  0000000000249652218408299904899945076343981066136125205426163163108507769820081624355869910000000000
            *10^-1  0000000000000000000000000000000000000000000000000000000000000000000000000000000000000000000000000000
            *10^-2  0000000000000000000000000000000000000000000000000000000000000000000000000000000000000000000000000000

          Low edge  --------------------------------------------------                                                  
            *10^ 0  5444444444433333333332222222222111111111100000000000000000001111111111222222222233333333334444444444
            *10^-1  0987654321098765432109876543210987654321098765432101234567890123456789012345678901234567890123456789
            *10^-2  0000000000000000000000000000000000000000000000000000000000000000000000000000000000000000000000000000

   Entries  =        3368    Mean = -2.1289e-02    Underflow =  0.0000e+00    Low edge  = -5.0000e+00
   All chan =  3.3680e+03    Rms  =  1.8171e+00    Overflow  =  0.0000e+00    High edge =  5.0000e+00


  2020-04-23 22:10       eta for jets, CellJet

        8.10*10^ 1                                                           3                                          
        7.80*10^ 1                                                   3    7  X                                          
        7.50*10^ 1                                                   X 3  X  X                                          
        7.20*10^ 1                                               X7 7X X  X  X                                          
        6.90*10^ 1                                          3    XX XX3X  X  X    7                                     
        6.60*10^ 1                                       3XXX  X XX XXXX XX  X  X X                                     
        6.30*10^ 1                                  X X 3XXXX3 X XX XXXX XX  XX7X X                                     
        6.00*10^ 1                                3 X X XXXXXX XXXX XXXXXXX  XXXX XX 7                                  
        5.70*10^ 1                                X X X XXXXXX7XXXX3XXXXXXX3 XXXX XX X7 3                               
        5.40*10^ 1                               3X X X XXXXXXXXXXXXXXXXXXXX XXXX XX XX X                               
        5.10*10^ 1                               XX X3X XXXXXXXXXXXXXXXXXXXX XXXX XX XX X33                             
        4.80*10^ 1                               XXXXXX XXXXXXXXXXXXXXXXXXXX3XXXXXXXXXX XXX7                            
        4.50*10^ 1                             3 XXXXXX7XXXXXXXXXXXXXXXXXXXXXXXXXXXXXXX XXXX                            
        4.20*10^ 1                            3X7XXXXXXXXXXXXXXXXXXXXXXXXXXXXXXXXXXXXXX3XXXXX                           
        3.90*10^ 1                            XXXXXXXXXXXXXXXXXXXXXXXXXXXXXXXXXXXXXXXXXXXXXXX     X                     
        3.60*10^ 1                      3 3   XXXXXXXXXXXXXXXXXXXXXXXXXXXXXXXXXXXXXXXXXXXXXXX77   X 7                   
        3.30*10^ 1                   3  XXX  3XXXXXXXXXXXXXXXXXXXXXXXXXXXXXXXXXXXXXXXXXXXXXXXXX   X3X                   
        3.00*10^ 1                 7 XX XXX 3XXXXXXXXXXXXXXXXXXXXXXXXXXXXXXXXXXXXXXXXXXXXXXXXXX7  XXX                   
        2.70*10^ 1                 X3XX7XXX XXXXXXXXXXXXXXXXXXXXXXXXXXXXXXXXXXXXXXXXXXXXXXXXXXXX  XXX3 7                
        2.40*10^ 1                 XXXXXXXXXXXXXXXXXXXXXXXXXXXXXXXXXXXXXXXXXXXXXXXXXXXXXXXXXXXXX  XXXXXXX               
        2.10*10^ 1               33XXXXXXXXXXXXXXXXXXXXXXXXXXXXXXXXXXXXXXXXXXXXXXXXXXXXXXXXXXXXXX3XXXXXXX               
        1.80*10^ 1               XXXXXXXXXXXXXXXXXXXXXXXXXXXXXXXXXXXXXXXXXXXXXXXXXXXXXXXXXXXXXXXXXXXXXXXX 3             
        1.50*10^ 1               XXXXXXXXXXXXXXXXXXXXXXXXXXXXXXXXXXXXXXXXXXXXXXXXXXXXXXXXXXXXXXXXXXXXXXXXXX3            
        1.20*10^ 1              XXXXXXXXXXXXXXXXXXXXXXXXXXXXXXXXXXXXXXXXXXXXXXXXXXXXXXXXXXXXXXXXXXXXXXXXXXXX7           
        0.90*10^ 1             7XXXXXXXXXXXXXXXXXXXXXXXXXXXXXXXXXXXXXXXXXXXXXXXXXXXXXXXXXXXXXXXXXXXXXXXXXXXXX           
        0.60*10^ 1             XXXXXXXXXXXXXXXXXXXXXXXXXXXXXXXXXXXXXXXXXXXXXXXXXXXXXXXXXXXXXXXXXXXXXXXXXXXXXX           
        0.30*10^ 1            7XXXXXXXXXXXXXXXXXXXXXXXXXXXXXXXXXXXXXXXXXXXXXXXXXXXXXXXXXXXXXXXXXXXXXXXXXXXXXXX          

          Contents                                                                                                      
            *10^ 1  0000000000001112233233322344455464646666665667757767667547666466455454444332213332222111100000000000
            *10^ 0  0000000000282999510643448103128839341466716602151673067569326880896059972559199155464563130000000000
            *10^-1  0000000000000000000000000000000000000000000000000000000000000000000000000000000000000000000000000000
            *10^-2  0000000000000000000000000000000000000000000000000000000000000000000000000000000000000000000000000000

          Low edge  --------------------------------------------------                                                  
            *10^ 0  5444444444433333333332222222222111111111100000000000000000001111111111222222222233333333334444444444
            *10^-1  0987654321098765432109876543210987654321098765432101234567890123456789012345678901234567890123456789
            *10^-2  0000000000000000000000000000000000000000000000000000000000000000000000000000000000000000000000000000

   Entries  =        3534    Mean = -3.3220e-02    Underflow =  0.0000e+00    Low edge  = -5.0000e+00
   All chan =  3.5340e+03    Rms  =  1.8274e+00    Overflow  =  0.0000e+00    High edge =  5.0000e+00


  2020-04-23 22:10       phi for jets, SlowJwt

        5.40*10^ 1                                                                                      X               
        5.28*10^ 1                                                                                      X               
        5.16*10^ 1                                                                                      X               
        5.04*10^ 1                                                        7                             X               
        4.92*10^ 1                                                        X                             X               
        4.80*10^ 1                                                        X                             X               
        4.68*10^ 1                                                        X                             X               
        4.56*10^ 1                                                        X                             X               
        4.44*10^ 1                            7         7          7      X                             X               
        4.32*10^ 1         8    8     8       X         X          X      X                             X            8  
        4.20*10^ 1         X    X     X       X         X  2       X      X          X      X2   2      X2X      2X  X  
        4.08*10^ 1         X    X     X       X         X  X       X      X          X      XX   X      XXX      XX  X  
        3.96*10^ 1         X    X     X       X         X  X       X      X5         X     5XX   X      XXX   5  XX  X  
        3.84*10^ 1         X    X7    X      7X        7X  X       X      XX7        X     XXX   X      XXX   X  XX  X  
        3.72*10^ 1         X    XX    X      XX        XX  X   8   X      XXX  8     X 8  8XXX   X    8 XXX8  X  XX  X  
        3.60*10^ 1   22    X    XX2   X      XXX     X2XX  X   X  XX      XXX  X2   2X X  XXXX   X    XXXXXX  X2 XX  X  
        3.48*10^ 1   XX  3 X  3 XXX   X      XXX     XXXX3 X   X  XX    3 XXX33XX3  XX X3 XXXX   X  33XXXXXX  XX XX  X3 
        3.36*10^ 1   XX 5X X  X XXX 5 X5     XXX     XXXXX X 5 X5 XX    X XXXXXXXX5 XX XX XXXX   X 5XXXXXXXX  XX XX  XX 
        3.24*10^ 1  7XX XX X  X XXX X XX     XXX     XXXXX X X XX XX    X XXXXXXXXX XX XX XXXX   X XXXXXXXXX  XX XX  XX 
        3.12*10^ 1  XXX XX8X  X XXX X XX     XXX8 8  XXXXX8X X XX XX   8X XXXXXXXXX XX XX XXXX   X XXXXXXXXX  XX XX  XX 
        3.00*10^ 1  XXX XXXX2 X XXX X XX     XXXX XX2XXXXXXXXX XX2XX X XX2XXXXXXXXX XXXXX2XXXX   X XXXXXXXXX  XXXXX2 XX 
        2.88*10^ 1  XXX XXXXX X XXX3X3XX  3  XXXX3XXXXXXXXXXXX XXXXX3X XXXXXXXXXXXX XXXXXXXXXX   X3XXXXXXXXX3 XXXXXX XX3
        2.76*10^ 1  XXX XXXXX X5XXXXXXXX  X 5XXXXXXXXXXXXXXXXX XXXXXXX5XXXXXXXXXXXX XXXXXXXXXX   XXXXXXXXXXXX XXXXXX XXX
        2.64*10^ 1  XXX XXXXX XXXXXXXXXX  X XXXXXXXXXXXXXXXXXX7XXXXXXXXXXXXXXXXXXXX XXXXXXXXXX7 7XXXXXXXXXXXX XXXXXX XXX
        2.52*10^ 1  XXX XXXXX XXXXXXXXXX8 X XXXXXXXXXXXXXXXXXXXXXXXXXXXXXXXXXXXXXXX XXXXXXXXXXX8XXXXXXXXXXXXX XXXXXX XXX
        2.40*10^ 1  XXXXXXXXX2XXXXXXXXXXX XXXXXXXXXXXXXXXXXXXXXXXXXXXXXXXXXXXXXXXXX XXXXXXXXXXXXXXXXXXXXXXXXX2XXXXXX XXX
        2.28*10^ 1  XXXXXXXXXXXXXXXXXXXXX XXXXXXXXXXXXXXXXXXXXXXXXXXXXXXXXXXXXXXXXX XXXXXXXXXXXXXXXXXXXXXXXXXXXXXXXX3XXX
        2.16*10^ 1  XXXXXXXXXXXXXXXXXXXXX5XXXXXXXXXXXXXXXXXXXXXXXXXXXXXXXXXXXXXXXXX5XXXXXXXXXXXXXXXXXXXXXXXXXXXXXXXXXXXX

          Contents                                                                                                      
            *10^ 1  3332333422324332324322222343323323334334332332342323325333333332343332334422242333335443223334422432
            *10^ 0  2554341393473858383351847846181096584411036739648071490984475431520749792165618344764127839501292348
            *10^-1  0000000000000000000000000000000000000000000000000000000000000000000000000000000000000000000000000000
            *10^-2  0000000000000000000000000000000000000000000000000000000000000000000000000000000000000000000000000000

          Low edge  --------------------------------------------------                                                  
            *10^ 0  3332222222222222222111111111111111100000000000000000000000000000001111111111111111222222222222222233
            *10^-1  1009887765543322100988776554332110098876655433211000112334556678890011233455677889001223345567788900
            *10^-2  4825936048159260471582603715826937148259370481593606395184073952841739628517306285174062951840639528

   Entries  =        3368    Mean =  5.0426e-02    Underflow =  0.0000e+00    Low edge  = -3.1416e+00
   All chan =  3.3680e+03    Rms  =  1.8064e+00    Overflow  =  0.0000e+00    High edge =  3.1416e+00


  2020-04-23 22:10       phi for jets, CellJet

        6.15*10^ 1                                                                                      7               
        6.00*10^ 1                                                                                      X               
        5.85*10^ 1                                                                                      X               
        5.70*10^ 1                                                                                      X               
        5.55*10^ 1                                                                                      X               
        5.40*10^ 1                                                                                      X               
        5.25*10^ 1                                                                                      X               
        5.10*10^ 1                                                                                      X 3             
        4.95*10^ 1                                                                                      X X             
        4.80*10^ 1                                                         X            X   3           X X    3  X     
        4.65*10^ 1                                                        7X            X   X           X X    X  X     
        4.50*10^ 1              3              X                  3       XX            X   X    X      X X    X  X     
        4.35*10^ 1              X              X                  X       XX            X   X    X      X X    X  X     
        4.20*10^ 1              X 3   X        X      XXX  3 X X  X       XX3 3 3 X   X X 3 X X  X    X X X    X  X     
        4.05*10^ 1         7    X X   X        X      XXX 7X X X  X       XXX X X X   X X X X X  X    X X X    X  X     
        3.90*10^ 1         X    X X   X      3 X     XXXX XX X X  XX   3  XXX X X X   X X X X X  X    X X X    X  X  X  
        3.75*10^ 1         X    X X 7 X      X X     XXXX XX X X  XX   X  XXX X7X X   X X X X X  X7  7X X X  7 X  X  X  
        3.60*10^ 1     X X X  X X X XXX     XX3X     XXXX XX X X3 XX   X 3XXX XXX X   X X X X X  XX  XX X3X3 XXX XX  X  
        3.45*10^ 1    7X X X  X7X X XXX     XXXX     XXXX XX X XX XX   X XXXX XXX X 7 X X7X7X X  XX  XX XXXX XXX XX 7X  
        3.30*10^ 1    XX XXX  XXX XXXXX   X XXXX  X  XXXX3XX X XX XX   X XXXX3XXX3XXX X XXXXX X  XXX XX3XXXX XXX XX XX  
        3.15*10^ 1   7XX XXX  XXX XXXXX7  X XXXX 7X  XXXXXXX X XX XX 7 X7XXXXXXXXXXXX X XXXXX7X  XXX7XXXXXXX XXX XX XX  
        3.00*10^ 1   XXX XXX3 XXX XXXXXX  X XXXX XXX XXXXXXX X XX XX X XXXXXXXXXXXXXX X XXXXXXX  XXXXXXXXXXX XXX XX XX 3
        2.85*10^ 1   XXX7XXXX XXX XXXXXX  X XXXX XXX XXXXXXX X XX XX X XXXXXXXXXXXXXX X XXXXXXX  XXXXXXXXXXX XXX XX XX X
        2.70*10^ 1   XXXXXXXXXXXXXXXXXXX33X XXXX XXXXXXXXXXXXX XX XX3X3XXXXXXXXXXXXXX X XXXXXXXX XXXXXXXXXXXXXXX XX3XX X
        2.55*10^ 1   XXXXXXXXXXXXXXXXXXXXXX XXXX XXXXXXXXXXXXX XX7XXXXXXXXXXXXXXXXXXX X XXXXXXXX XXXXXXXXXXXXXXX7XXXXX X
        2.40*10^ 1  3XXXXXXXXXXXXXXXXXXXXXX XXXXXXXXXXXXXXXXXXXXXXXXXXXXXXXXXXXXXXXXX3XXXXXXXXXX XXXXXXXXXXXXXXXXXXXXX X
        2.25*10^ 1  XXXXXXXXXXXXXXXXXXXXXXX XXXXXXXXXXXXXXXXXXXXXXXXXXXXXXXXXXXXXXXXXXXXXXXXXXXX XXXXXXXXXXXXXXXXXXXXX7X
        2.10*10^ 1  XXXXXXXXXXXXXXXXXXXXXXX XXXXXXXXXXXXXXXXXXXXXXXXXXXXXXXXXXXXXXXXXXXXXXXXXXXX XXXXXXXXXXXXXXXXXXXXXXX
        1.95*10^ 1  XXXXXXXXXXXXXXXXXXXXXXX XXXXXXXXXXXXXXXXXXXXXXXXXXXXXXXXXXXXXXXXXXXXXXXXXXXX XXXXXXXXXXXXXXXXXXXXXXX
        1.80*10^ 1  XXXXXXXXXXXXXXXXXXXXXXXXXXXXXXXXXXXXXXXXXXXXXXXXXXXXXXXXXXXXXXXXXXXXXXXXXXXXXXXXXXXXXXXXXXXXXXXXXXXX

          Contents                                                                                                      
            *10^ 1  2333233422334243334322313334233323444344242432432323334443434343324243434342143333436353233423423322
            *10^ 0  3146863097644713762166386855413079222201724255496168156812171223432484147127857317221505776756864929
            *10^-1  0000000000000000000000000000000000000000000000000000000000000000000000000000000000000000000000000000
            *10^-2  0000000000000000000000000000000000000000000000000000000000000000000000000000000000000000000000000000

          Low edge  --------------------------------------------------                                                  
            *10^ 0  3332222222222222222111111111111111100000000000000000000000000000001111111111111111222222222222222233
            *10^-1  1009887765543322100988776554332110098876655433211000112334556678890011233455677889001223345567788900
            *10^-2  4825936048159260471582603715826937148259370481593606395184073952841739628517306285174062951840639528

   Entries  =        3534    Mean =  5.6602e-02    Underflow =  1.9000e+01    Low edge  = -3.1416e+00
   All chan =  3.5050e+03    Rms  =  1.7924e+00    Overflow  =  1.0000e+01    High edge =  3.1416e+00


  2020-04-23 22:10       R distance between jets, SlowJet

        4.60*10^ 2                                6                                                                     
        4.40*10^ 2                               6X                                                                     
        4.20*10^ 2                              3XX4                                                                    
        4.00*10^ 2                              XXXX                                                                    
        3.80*10^ 2                            41XXXX9                                                                   
        3.60*10^ 2                          6 XXXXXXX                                                                   
        3.40*10^ 2                        X XXXXXXXXX1                                                                  
        3.20*10^ 2                      36X5XXXXXXXXXX2                                                                 
        3.00*10^ 2                    5 XXXXXXXXXXXXXXX                                                                 
        2.80*10^ 2              1   X7X7XXXXXXXXXXXXXXX                                                                 
        2.60*10^ 2             XX61 XXXXXXXXXXXXXXXXXXX83                                                               
        2.40*10^ 2            7XXXX6XXXXXXXXXXXXXXXXXXXXX                                                               
        2.20*10^ 2            XXXXXXXXXXXXXXXXXXXXXXXXXXX73                                                             
        2.00*10^ 2           4XXXXXXXXXXXXXXXXXXXXXXXXXXXXX 43                                                          
        1.80*10^ 2           XXXXXXXXXXXXXXXXXXXXXXXXXXXXXX9XX2                                                         
        1.60*10^ 2          XXXXXXXXXXXXXXXXXXXXXXXXXXXXXXXXXXX                                                         
        1.40*10^ 2          XXXXXXXXXXXXXXXXXXXXXXXXXXXXXXXXXXX45 1                                                     
        1.20*10^ 2          XXXXXXXXXXXXXXXXXXXXXXXXXXXXXXXXXXXXX7X 4                                                   
        1.00*10^ 2          XXXXXXXXXXXXXXXXXXXXXXXXXXXXXXXXXXXXXXXXXX 52                                               
        0.80*10^ 2          XXXXXXXXXXXXXXXXXXXXXXXXXXXXXXXXXXXXXXXXXX7XX922                                            
        0.60*10^ 2         2XXXXXXXXXXXXXXXXXXXXXXXXXXXXXXXXXXXXXXXXXXXXXXXX611                                         
        0.40*10^ 2         XXXXXXXXXXXXXXXXXXXXXXXXXXXXXXXXXXXXXXXXXXXXXXXXXXXX9551112                                  
        0.20*10^ 2        1XXXXXXXXXXXXXXXXXXXXXXXXXXXXXXXXXXXXXXXXXXXXXXXXXXXXXXXXXXX86864451211                       

          Contents                                                                                                      
            *10^ 2  0000000011222222222233333333444433322221111111111000000000000000000000000000000000000000000000000000
            *10^ 1  0000000458356543878701315366035072054107886221200978876654432322221111000000000000000000000000000000
            *10^ 0  0000001397392211049452901973631771455457753893208959483322279011145151889243300000000000000000000000
            *10^-1  0000000000000000000000000000000000000000000000000000000000000000000000000000000000000000000000000000

          Low edge                                                                                                      
            *10^ 0  0000000000111111111122222222223333333333444444444455555555556666666666777777777788888888889999999999
            *10^-1  0123456789012345678901234567890123456789012345678901234567890123456789012345678901234567890123456789
            *10^-2  0000000000000000000000000000000000000000000000000000000000000000000000000000000000000000000000000000

   Entries  =       11660    Mean =  2.9276e+00    Underflow =  0.0000e+00    Low edge  =  0.0000e+00
   All chan =  1.1660e+04    Rms  =  1.2776e+00    Overflow  =  0.0000e+00    High edge =  1.0000e+01


  2020-04-23 22:10       R distance between jets, CellJet

        5.00*10^ 2                                 4                                                                    
        4.80*10^ 2                                6X                                                                    
        4.60*10^ 2                              5 XX                                                                    
        4.40*10^ 2                              XXXX                                                                    
        4.20*10^ 2                            5 XXXX                                                                    
        4.00*10^ 2                        6 1 X7XXXX                                                                    
        3.80*10^ 2                        X3XXXXXXXX68                                                                  
        3.60*10^ 2                       1XXXXXXXXXXXX                                                                  
        3.40*10^ 2                     3 XXXXXXXXXXXXX6                                                                 
        3.20*10^ 2                   88X6XXXXXXXXXXXXXX                                                                 
        3.00*10^ 2                  3XXXXXXXXXXXXXXXXXX8                                                                
        2.80*10^ 2                X4XXXXXXXXXXXXXXXXXXXX3                                                               
        2.60*10^ 2             4 8XXXXXXXXXXXXXXXXXXXXXXX                                                               
        2.40*10^ 2             X7XXXXXXXXXXXXXXXXXXXXXXXX43                                                             
        2.20*10^ 2          3X2XXXXXXXXXXXXXXXXXXXXXXXXXXXX9                                                            
        2.00*10^ 2          XXXXXXXXXXXXXXXXXXXXXXXXXXXXXXXX24                                                          
        1.80*10^ 2          XXXXXXXXXXXXXXXXXXXXXXXXXXXXXXXXXX84                                                        
        1.60*10^ 2          XXXXXXXXXXXXXXXXXXXXXXXXXXXXXXXXXXXX 0                                                      
        1.40*10^ 2         2XXXXXXXXXXXXXXXXXXXXXXXXXXXXXXXXXXXX1X                                                      
        1.20*10^ 2         XXXXXXXXXXXXXXXXXXXXXXXXXXXXXXXXXXXXXXX97511                                                 
        1.00*10^ 2         XXXXXXXXXXXXXXXXXXXXXXXXXXXXXXXXXXXXXXXXXXXX5 6 3                                            
        0.80*10^ 2         XXXXXXXXXXXXXXXXXXXXXXXXXXXXXXXXXXXXXXXXXXXXXXX2X2                                           
        0.60*10^ 2        7XXXXXXXXXXXXXXXXXXXXXXXXXXXXXXXXXXXXXXXXXXXXXXXXXX222 1                                      
        0.40*10^ 2        XXXXXXXXXXXXXXXXXXXXXXXXXXXXXXXXXXXXXXXXXXXXXXXXXXXXXX7X52 2 11                               
        0.20*10^ 2      28XXXXXXXXXXXXXXXXXXXXXXXXXXXXXXXXXXXXXXXXXXXXXXXXXXXXXXXXXXXX6XX17633311                       

          Contents                                                                                                      
            *10^ 2  0000000122222222233333333343444433322222111111111110000000000000000000000000000000000000000000000000
            *10^ 1  0000015201043586811214968709437877396221887624111009896864443422121220110000000000000000000000000000
            *10^ 0  0000464469484608677522153994991715156768476821831221025634553294952123316673300000000000000000000000
            *10^-1  0000000000000000000000000000000000000000000000000000000000000000000000000000000000000000000000000000

          Low edge                                                                                                      
            *10^ 0  0000000000111111111122222222223333333333444444444455555555556666666666777777777788888888889999999999
            *10^-1  0123456789012345678901234567890123456789012345678901234567890123456789012345678901234567890123456789
            *10^-2  0000000000000000000000000000000000000000000000000000000000000000000000000000000000000000000000000000

   Entries  =       12902    Mean =  2.9196e+00    Underflow =  0.0000e+00    Low edge  =  0.0000e+00
   All chan =  1.2902e+04    Rms  =  1.2995e+00    Overflow  =  0.0000e+00    High edge =  1.0000e+01


  2020-04-23 22:10       pT difference, SlowJet

        1.08*10^ 3                      X                                                                               
        1.04*10^ 3                      X                                                                               
        1.00*10^ 3                      X                                                                               
        0.96*10^ 3                      X                                                                               
        0.92*10^ 3                      X                                                                               
        0.88*10^ 3                      X                                                                               
        0.84*10^ 3                      X                                                                               
        0.80*10^ 3                      X                                                                               
        0.76*10^ 3                      X                                                                               
        0.72*10^ 3                      X                                                                               
        0.68*10^ 3                      X                                                                               
        0.64*10^ 3                      X                                                                               
        0.60*10^ 3                      X                                                                               
        0.56*10^ 3                      X                                                                               
        0.52*10^ 3                      X                                                                               
        0.48*10^ 3                      X                                                                               
        0.44*10^ 3                      X                                                                               
        0.40*10^ 3                      X                                                                               
        0.36*10^ 3                      X                                                                               
        0.32*10^ 3                      X5                                                                              
        0.28*10^ 3                      XX                                                                              
        0.24*10^ 3                      XX                                                                              
        0.20*10^ 3                      XX6                                                                             
        0.16*10^ 3                      XXX4                                                                            
        0.12*10^ 3                      XXXX5                                                                           
        0.08*10^ 3                      XXXXX9787 1 1                                                                   
        0.04*10^ 3                      XXXXXXXXX9X9X9877843325635316444526445533331321122 111111111 111    1           

          Contents                                                                                                      
            *10^ 3  0000000000000000000010000000000000000000000000000000000000000000000000000000000000000000000000000000
            *10^ 2  0000000000000000000003111000000000000000000000000000000000000000000000000000000000000000000000000000
            *10^ 1  0000000000000000000070830767634343322311102211102111102111111110100000000000000000000000000000000000
            *10^ 0  0000000000000000000082542663655444277361290438352777882679833204284379143253234212230000210001100000

          Low edge  --------------------                                                                                
            *10^ 2  1000000000000000000000000000000000000000111111111111111111112222222222222222222233333333333333333333
            *10^ 1  0998877665544332211000112233445566778899001122334455667788990011223344556677889900112233445566778899
            *10^ 0  0505050505050505050505050505050505050505050505050505050505050505050505050505050505050505050505050505

   Entries  =        2868    Mean =  4.3084e+01    Underflow =  0.0000e+00    Low edge  = -1.0000e+02
   All chan =  2.8620e+03    Rms  =  6.4807e+01    Overflow  =  6.0000e+00    High edge =  4.0000e+02


  2020-04-23 22:10       eT difference, CellJet

        1.20*10^ 3                      9                                                                               
        1.16*10^ 3                      X                                                                               
        1.12*10^ 3                      X                                                                               
        1.08*10^ 3                      X                                                                               
        1.04*10^ 3                      X                                                                               
        1.00*10^ 3                      X                                                                               
        0.96*10^ 3                      X                                                                               
        0.92*10^ 3                      X                                                                               
        0.88*10^ 3                      X                                                                               
        0.84*10^ 3                      X                                                                               
        0.80*10^ 3                      X                                                                               
        0.76*10^ 3                      X                                                                               
        0.72*10^ 3                      X                                                                               
        0.68*10^ 3                      X                                                                               
        0.64*10^ 3                      X                                                                               
        0.60*10^ 3                      X                                                                               
        0.56*10^ 3                      X                                                                               
        0.52*10^ 3                      X                                                                               
        0.48*10^ 3                      X                                                                               
        0.44*10^ 3                      X                                                                               
        0.40*10^ 3                      X                                                                               
        0.36*10^ 3                      X5                                                                              
        0.32*10^ 3                      XX                                                                              
        0.28*10^ 3                      XX                                                                              
        0.24*10^ 3                      XX                                                                              
        0.20*10^ 3                      XX5                                                                             
        0.16*10^ 3                      XXX2                                                                            
        0.12*10^ 3                      XXXX7 2                                                                         
        0.08*10^ 3                      XXXXX9X43 11                                                                    
        0.04*10^ 3                      XXXXXXXXX9XXXX9797534447252436363343535243323111211111111111  11     11         

          Contents                                                                                                      
            *10^ 3  0000000000000000000010000000000000000000000000000000000000000000000000000000000000000000000000000000
            *10^ 2  0000000000000000000013111000000000000000000000000000000000000000000000000000000000000000000000000000
            *10^ 1  0000000000000000000094830785534433323211111201011212111111201110100000000000000000000000000000000000
            *10^ 0  0000000000000000000061208677342588595794565889853445236483075218064284635244452201221100122000000000

          Low edge  --------------------                                                                                
            *10^ 2  1000000000000000000000000000000000000000111111111111111111112222222222222222222233333333333333333333
            *10^ 1  0998877665544332211000112233445566778899001122334455667788990011223344556677889900112233445566778899
            *10^ 0  0505050505050505050505050505050505050505050505050505050505050505050505050505050505050505050505050505

   Entries  =        3034    Mean =  4.1105e+01    Underflow =  0.0000e+00    Low edge  = -1.0000e+02
   All chan =  3.0280e+03    Rms  =  6.3515e+01    Overflow  =  6.0000e+00    High edge =  4.0000e+02
